IQ-TREE multicore version 2.1.0 for Linux 64-bit built Jul 18 2020
Developed by Bui Quang Minh, James Barbetti, Nguyen Lam Tung,
Olga Chernomor, Heiko Schmidt, Dominik Schrempf, Michael Woodhams.

Host:    lapis (AVX2, FMA3, 15 GB RAM)
Command: iqtree2 -s alignments/euk.Histone.to_histdb/CC5_.l.fasta -m LG+G4 -ntmax 8 -fast -pre alignments/euk.Histone.to_histdb/CC5_.iqt
Seed:    696943 (Using SPRNG - Scalable Parallel Random Number Generator)
Time:    Mon Nov 16 18:21:36 2020
Kernel:  AVX+FMA - 1 threads (8 CPU cores detected)

HINT: Use -nt option to specify number of threads because your CPU has 8 cores!
HINT: -nt AUTO will automatically determine the best number of threads to use.

Reading alignment file alignments/euk.Histone.to_histdb/CC5_.l.fasta ... Fasta format detected
Alignment most likely contains protein sequences
Alignment has 556 sequences with 338 columns, 310 distinct patterns
174 parsimony-informative, 56 singleton sites, 108 constant sites
                                             Gap/Ambiguity  Composition  p-value
   1  Scil_scpid18755_149-278                       61.54%    passed     99.74%
   2  Lcom_lcpid68883_93-190                        71.01%    passed     99.94%
   3  Morvir_scaffold178.g20.t1_22-116              71.89%    passed     97.63%
   4  Auraur_scaffold3332.g1.t1_1-64                81.07%    passed     99.44%
   5  Exapal_XP_020914762.1_11-114                  69.23%    passed     29.97%
   6  Exapal_XP_020914761.1_11-114                  69.23%    passed     29.97%
   7  Spis_XP_022790686_1_12-113                    69.82%    passed     47.03%
   8  Hydvul_Sc4wPfr_312.g4822.t1_21-113            72.49%    passed     90.83%
   9  Clyhem_TCONS_00046293-protein_34-122          73.67%    passed     85.95%
  10  Adig_XP_015767710.1_1-64                      81.07%    passed     89.48%
  11  Cgig_EKC38848_27-123                          71.30%    passed     67.54%
  12  Drer_ENSDARP00000126159.2_15-113              70.71%    passed     87.80%
  13  Hsap_ENSP00000312617.5_14-115                 69.82%    passed     85.08%
  14  Notgen_g11580.t1_28-124                       71.30%    passed     98.99%
  15  Phoaus_g17760.t1_9-97                         73.67%    passed     95.58%
  16  Lpol_XP_013785108.1_3-121                     64.79%    passed     94.94%
  17  Skow_XP_002739985.1_11-122                    66.86%    passed     85.07%
  18  Mlei_ML0547_g4_t1_22-112                      73.08%    passed     78.13%
  19  Apla_XP_022088152.1_8-113                     68.64%    passed     83.69%
  20  Lgig_LotgiP111615_6-105                       70.41%    passed     62.77%
  21  Linana_g3076.t1_14-117                        69.23%    passed     96.32%
  22  Spur_XP_030838917.1_16-116                    70.12%    passed     88.05%
  23  Spur_XP_030838916.1_16-116                    70.12%    passed     88.05%
  24  Dpul_EFX84357_5-109                           68.93%    passed     84.48%
  25  Ctel_CapteP180137_1-99                        70.71%    passed     74.79%
  26  Helrob_HelroP184852_1-113                     66.57%    passed     55.79%
  27  Tadh_P28000_1-103                             69.53%    passed     55.96%
  28  Tcas_XP_966912.1_7-131                        63.02%    passed     65.60%
  29  Cint_ENSCINP00000015864.3_10-112              69.53%    passed     71.09%
  30  Emue_0022g251a_91-178                         73.96%    passed     69.06%
  31  Emue_0022g262a_1-64                           81.07%    passed     38.03%
  32  Aque_Aqu2.1.41269_001_98-183                  74.56%    passed     37.08%
  33  Sappar_KDO23627_700-823                       63.31%    failed      0.09%
  34  Pinf_PITG_10986T0_45-132                      73.96%    passed     95.19%
  35  Sacu_v1.1_s0130.g022054_64-151                73.96%    passed     97.16%
  36  Marpol_PTQ48512_64-173                        67.46%    passed     18.47%
  37  Sphfal_Sphfalx10G003200.1.p_87-196            67.46%    passed     25.87%
  38  Sphfal_Sphfalx04G002700.1.p_21-162            57.99%    failed      0.00%
  39  Smoe_EFJ16176_1-106                           68.64%    passed      5.14%
  40  Ppat_Pp3c10_2910V3.1_85-204                   64.50%    passed      5.24%
  41  Ppat_Pp3c14_7060V3.1_59-196                   59.17%    failed      1.87%
  42  Atha_AT1G56170.1_39-149                       67.16%    failed      1.01%
  43  Atri_ERM93786_67-182                          65.68%    failed      1.34%
  44  Atri_ERN15727_84-177                          72.19%    passed     96.34%
  45  Acoe_PIA44805.1_69-181                        66.57%    passed      9.42%
  46  Acoe_PIA30845.1_65-181                        65.38%    failed      0.82%
  47  Mgut_XP_012832477.1_33-162                    61.54%    failed      0.22%
  48  Bdis_KQJ93544_68-177                          67.46%    passed     49.88%
  49  Sbic_EES13455_62-172                          67.16%    passed     17.42%
  50  Sbic_EER88787_57-175                          64.79%    failed      1.03%
  51  Bdis_KQK17051_82-176                          71.89%    passed     94.15%
  52  Mgut_XP_012841321.1_19-158                    58.58%    failed      1.48%
  53  Smoe_EFJ28198_1-87                            74.26%    passed     97.30%
  54  Sphfal_Sphfalx13G109500.1.p_34-137            69.23%    passed     48.80%
  55  Sphfal_Sphfalx03G034200.1.p_39-141            69.53%    passed     58.58%
  56  Sphfal_Sphfalx18G027100.1.p_18-147            61.54%    failed      0.00%
  57  Marpol_PTQ42515_64-162                        70.71%    passed     52.60%
  58  Ppat_Pp3c26_4450V3.1_58-154                   71.30%    passed     89.41%
  59  Ppat_Pp3c3_17650V3.5_50-144                   71.89%    passed     99.40%
  60  Ppat_Pp3c13_14180V3.9_48-149                  69.82%    passed     85.45%
  61  Smoe_EFJ27903_1-79                            76.63%    passed     99.11%
  62  Smoe_EFJ36761_1-79                            76.63%    passed     99.11%
  63  Bdis_KQK22549_17-142                          62.72%    passed     17.63%
  64  Sbic_KXG39762_25-143                          64.79%    passed     31.19%
  65  Mgut_XP_012854598.1_25-132                    68.05%    passed      9.82%
  66  Atha_AT5G63470.1_54-151                       71.01%    passed     76.84%
  67  Atha_AT3G48590.1_43-138                       71.60%    passed     83.90%
  68  Mgut_XP_012830575.1_42-137                    71.60%    passed     90.51%
  69  Acoe_PIA33793.1_1-136                         59.76%    failed      0.57%
  70  Azfi_s0068.g036415_57-154                     71.01%    passed     81.51%
  71  Sacu_v1.1_s0017.g007090_40-151                66.86%    passed     58.86%
  72  Atri_ERN09839_49-139                          73.08%    passed     97.70%
  73  Atha_AT1G54830.1_25-143                       64.79%    passed     70.79%
  74  Atha_AT1G08970.1_27-153                       62.43%    passed     23.48%
  75  Crei_PNW75888_36-124                          73.67%    passed     98.73%
  76  Vcar_XP_002946507.1_1-82                      75.74%    passed     98.46%
  77  Klenit_GAQ90027.1_40-174                      60.06%    failed      0.00%
  78  Cpar_Cpar_evm3s4058_1-41                      87.87%    passed     69.00%
  79  Mpus_XP_003061605.1_7-122                     65.68%    passed     65.69%
  80  Chabra_GBG82575_54-161                        68.05%    passed     27.27%
  81  Sphfal_Sphfalx11G004100.1.p_179-276           71.01%    passed     90.94%
  82  Cocsub_XP_005646202.1_87-175                  73.67%    passed     99.92%
  83  Ppat_Pp3c9_5650V3.1_90-187                    71.01%    passed     97.72%
  84  Alblai_CCA21060_43-130                        73.96%    passed     99.10%
  85  Amobb2_AMBB2_11984.mRNA.1_11-141              61.24%    failed      0.02%
  86  Mgut_XP_012849147.1_2-135                     60.36%    passed     14.04%
  87  Plamic_ANCSI_03352.mRNA.1_12-103              72.78%    passed     99.28%
  88  Bdis_KQJ90692_50-154                          68.93%    passed     28.06%
  89  Bdis_KQJ98815_51-160                          67.46%    passed     19.46%
  90  Sbic_EER96945_53-155                          69.53%    passed     41.43%
  91  Sbic_EES15444_63-158                          71.60%    passed     78.87%
  92  Coka_g6081.t1_18-120                          69.53%    passed     99.18%
  93  Esil_CBJ32597_11-129                          64.79%    passed     90.05%
  94  Coka_g6082.t1_22-105                          75.15%    passed     99.96%
  95  Esil_CBJ32596_19-110                          72.78%    passed     98.60%
  96  Sappar_KDO32741_4-127                         63.31%    passed     96.32%
  97  Pinf_PITG_00914T0_33-125                      72.49%    passed     99.26%
  98  Alblai_CCA18819_369-491                       63.61%    passed     81.60%
  99  Aano_EGB08138_8-94                            74.26%    passed     98.49%
 100  Phatri_Phatr3_draftJ310.p1_363-456            72.19%    passed     86.91%
 101  Tpse_EED94257_24-121                          71.01%    passed     86.43%
 102  Otau_XP_022839887.1_50-168                    64.79%    passed     44.95%
 103  Porpur_KAA8493973.1_45-134                    73.37%    passed     93.78%
 104  Chocri_XP_005710176.1_98-230                  60.65%    passed      5.35%
 105  Gracho_PXF41249.1_82-179                      71.01%    passed     96.40%
 106  Porumb_OSX73886.1_69-188                      64.50%    passed     38.77%
 107  Cmer_CMK073CT_4-107                           69.23%    passed     92.18%
 108  Umbram_231823_31-119                          73.67%    passed     98.84%
 109  Plebac_Pbla_mRNA_16165_1-86                   74.56%    passed     99.34%
 110  Pbla_XP_018283581.1_1-86                      74.56%    passed     99.34%
 111  Mcir_OAD04126_5-94                            73.37%    passed     99.37%
 112  Mcir_OAC97814_62-150                          73.67%    passed     99.94%
 113  Rhidel_EIE80473_51-135                        74.85%    passed     96.14%
 114  Rhidel_EIE82263_58-142                        74.85%    passed     97.78%
 115  Rirr_GBC13535_50-167                          65.09%    failed      1.25%
 116  Morelo_OAQ35215_16-134                        64.79%    passed     56.23%
 117  Morelo_OAQ35734_12-151                        58.58%    passed     24.73%
 118  Cang_ORZ40792_64-156                          72.49%    passed     99.92%
 119  Amac_KNE55959_88-177                          73.37%    passed     99.73%
 120  Rirr_GBC15954_1-58                            82.84%    passed     82.18%
 121  Tmel_CAZ82904_66-155                          73.37%    passed     99.53%
 122  Ncra_ESA43266_73-160                          73.96%    passed     98.11%
 123  Morelo_OAQ31146_9-97                          73.67%    passed     66.39%
 124  Morelo_OAQ30307_11-99                         73.67%    passed     70.24%
 125  Bnat_JGI_V11_32949_1-78                       76.92%    passed     89.05%
 126  Acas_ELR17600_15-135                          64.20%    passed     11.78%
 127  Caulen_g2030.t1_58-155                        71.01%    passed     97.68%
 128  Caulen_g696.t1_1192-1310                      64.79%    passed     82.65%
 129  Caulen_g695.t1_73-160                         73.96%    passed     96.07%
 130  Spun_KND01862_45-136                          72.78%    passed     91.89%
 131  Phakir_PHAKIR_00009.mRNA.1_129-232            69.23%    passed     85.53%
 132  Sphfal_Sphfalx14G087400.1.p_67-156            73.37%    passed     96.99%
 133  Atri_ERN02469_1-90                            73.37%    passed     93.95%
 134  Nk52_evm1s2119_1-120                          64.50%    passed     95.00%
 135  Pavlsp_1149496_14-123                         67.46%    passed     89.09%
 136  Cvar_XP_005846332.1_66-154                    73.67%    passed     86.89%
 137  Cavfas_EGG14778_323-409                       74.26%    passed     90.03%
 138  Hetalb_XP_020429245.1_110-242                 60.65%    passed     21.55%
 139  Ddis_EAL70694_218-340                         63.61%    passed      5.46%
 140  Plebac_Pbla_mRNA_5248_41-131                  73.08%    passed     78.77%
 141  Pbla_XP_018293938.1_41-131                    73.08%    passed     78.77%
 142  Scer_YOR358W_86-233                           56.21%    passed      7.55%
 143  Pisp_OUM66497.1_1-90                          73.37%    passed     99.38%
 144  Cneo_ALO68974_100-186                         74.26%    passed     94.28%
 145  Bden_EGF82349_24-147                          63.31%    passed     58.28%
 146  Coerev_PIA14157.1_35-125                      73.08%    passed     99.25%
 147  Umay_KIS70753_80-161                          75.74%    passed     85.29%
 148  Concor_KXN67244_58-146                        73.67%    passed     82.85%
 149  Aano_EGB05532_1-90                            73.37%    passed     91.94%
 150  Clim_evm112s128_25-121                        71.30%    passed     92.96%
 151  Hduj_OQV22918.1_39-159                        64.20%    passed     78.83%
 152  Ramvar_GAV08438.1_42-169                      62.13%    passed     93.11%
 153  Rall_EPZ32351_27-112                          74.56%    passed     99.27%
 154  Oxytri_EJY68192_1-86                          74.56%    passed     32.34%
 155  Oxytri_EJY68130_1-86                          74.56%    passed     32.34%
 156  Tthe_EAS06045_64-152                          73.67%    passed     99.49%
 157  Ptet_CAK67448_32-123                          72.78%    passed     91.40%
 158  Ngru_EFC41461_186-319                         60.36%    passed     12.47%
 159  Secula_SECUL_09952.mRNA.1_15-114              70.41%    passed     88.58%
 160  Cowc_KJE97007_168-293                         62.72%    passed     41.52%
 161  Sarc_Sarc4_g9229T_17-108                      72.78%    passed     90.12%
 162  Cfra_CFRG1915T1_16-108                        72.49%    passed     85.86%
 163  Emul_CDS37350.1_23-115                        72.49%    passed     98.37%
 164  Sman_Smp_176340.1_pep_26-115                  73.37%    passed     51.09%
 165  Spom_SPBC3B8.02.1_pep_92-183                  72.78%    passed     99.49%
 166  Hetalb_XP_020429023.1_116-207                 72.78%    passed     49.92%
 167  Tielac_KYQ88797_613-704                       72.78%    passed     82.17%
 168  Hetalb_XP_020430705.1_771-856                 74.56%    passed     83.47%
 169  Cavfas_EGG17730_584-684                       70.12%    passed     82.00%
 170  Mvib_comp86003_c0_seq1_fr5_54-137             75.15%    passed     92.09%
 171  Vitbra_CEM21090.1_1-111                       67.16%    passed     73.67%
 172  Atha_AT5G27910.1_16-109                       72.19%    passed     99.29%
 173  Atha_AT5G50490.1_21-109                       73.67%    passed     84.47%
 174  Atha_AT5G50480.1_26-127                       69.82%    passed     92.03%
 175  Bdis_KQJ95565_80-174                          71.89%    passed     91.94%
 176  Bdis_KQJ95566_56-156                          70.12%    passed     80.56%
 177  Bdis_KQJ95564_8-106                           70.71%    passed     90.77%
 178  Bdis_PNT66868_4-98                            71.89%    passed     99.84%
 179  Bdis_KQJ95562_43-151                          67.75%    passed     45.06%
 180  Sbic_EES14676_62-154                          72.49%    passed     98.90%
 181  Ancsig_Gene.48701_1-54                        84.02%    passed     76.79%
 182  Aplker_74481_20-127                           68.05%    passed     99.23%
 183  Aurlim_78415_22-105                           75.15%    passed     70.66%
 184  Honfer_GBG29682_39-124                        74.56%    passed     77.91%
 185  Schagg_39666_6-105                            70.41%    passed     96.65%
 186  Ulvmut_UM007_00121_51-140                     73.37%    passed     25.11%
 187  Coka_g13465.t2_27-123                         71.30%    passed     21.14%
 188  Coka_g13465.t1_27-123                         71.30%    passed     21.14%
 189  Esil_CBN75726_5-132                           62.13%    passed     44.95%
 190  Dmel_FBpp0070935_124-226                      69.53%    passed     98.89%
 191  Sbic_EES13127_9-103                           71.89%    failed      0.88%
 192  Mgut_XP_012846523.1_11-97                     74.26%    passed     57.41%
 193  Acoe_PIA49491.1_10-97                         73.96%    passed     16.38%
 194  Bdis_PNT62182_8-101                           72.19%    failed      0.01%
 195  Atri_ERM95106_54-145                          72.78%    passed     93.59%
 196  Plabra_CEP00955_24-108                        74.85%    passed     83.98%
 197  Gpro_KXS14347_1-89                            73.67%    passed     34.47%
 198  Pfal_CZU00091_1-112                           66.86%    passed     19.70%
 199  Ccin_EAU82385_77-140                          81.07%    passed     13.68%
 200  Plafun_PRP81067_14-109                        71.60%    passed     91.05%
 201  Schagg_19823_1-85                             74.85%    passed     90.19%
 202  Aurlim_85462_17-100                           75.15%    passed     47.34%
 203  Cavfas_EGG19371_178-261                       75.15%    passed     81.11%
 204  Phatri_Phatr3_J7801.p1_28-143                 65.68%    passed     45.54%
 205  Ngad_EWM25398_360-455                         71.60%    passed     83.54%
 206  Tielac_KYQ90205_153-248                       71.60%    passed     61.13%
 207  Marpol_PTQ38122_18-103                        74.56%    passed     93.64%
 208  Atha_AT5G50470.1_47-132                       74.56%    passed     87.09%
 209  Gonavo_comp63896_c0_seq1_6_ORF4_180_14-133    64.50%    passed     83.93%
 210  Nutlon_comp5236_c0_seq1.p1_40-124             74.85%    passed     53.20%
 211  Atha_AT5G38140.1_58-141                       75.15%    passed     89.58%
 212  Aplker_69170_38-120                           75.44%    passed     85.34%
 213  Plabra_CEP02685_14-99                         74.56%    passed     34.83%
 214  Tetwil_Twilhelma_g17290.t2_82-176             71.89%    passed     59.11%
 215  Tetwil_Twilhelma_g17290.t1_92-189             71.01%    passed     59.94%
 216  Honfer_GBG31468_161-246                       74.56%    passed     64.71%
 217  Jakbah_JAKBA_05672.mRNA.1_11-108              71.01%    failed      0.13%
 218  Schagg_25169_1-80                             76.33%    passed     28.62%
 219  Sros_EGD76414_62-160                          70.71%    passed     38.29%
 220  Andgod_ANDGO_06958.mRNA.1_146-209             81.07%    passed     39.96%
 221  Gthe_EKX41456_2-76                            77.81%    passed     81.25%
 222  Manpla_Gene.24187_47-127                      76.04%    passed     64.56%
 223  Styinc_Gene20930_m20930_77-159                75.44%    passed     95.86%
 224  Sbic_EES16679_19-116                          71.01%    passed     58.28%
 225  Sbic_EES14613_17-117                          70.12%    passed     89.62%
 226  Sbic_EES15819_36-117                          75.74%    passed     40.88%
 227  Sbic_OQU83181_31-125                          71.89%    failed      4.36%
 228  Meteor_CRO19MET_NODE_8820.p1_1-82             75.74%    passed     62.61%
 229  Amac_KNE69537_1-77                            77.22%    passed     44.95%
 230  Amac_KNE68356_1-81                            76.04%    passed     78.23%
 231  Pisp_OUM56944.1_1-70                          79.29%    passed     91.51%
 232  Mcir_OAD07634_1-79                            76.63%    passed     96.25%
 233  Pbla_XP_018284896.1_1-79                      76.63%    passed     97.40%
 234  Plebac_Pbla_mRNA_14832_1-79                   76.63%    passed     97.40%
 235  Umbram_242708_1-80                            76.33%    passed     96.39%
 236  Rirr_GBC43609_1-80                            76.33%    passed     83.30%
 237  Morelo_OAQ29780_1-80                          76.33%    passed     90.95%
 238  Spun_KNC96455_1-78                            76.92%    passed     95.70%
 239  Spom_SPAC17G8.03c.1_pep_14-96                 75.44%    passed     46.98%
 240  Bden_EGF80066_1-67                            80.18%    passed     93.25%
 241  Umay_KIS70988_1-80                            76.33%    passed     83.89%
 242  Coerev_PIA16582.1_1-81                        76.04%    passed     46.40%
 243  Gpro_KXS22104_4-86                            75.44%    passed     70.52%
 244  Tmel_CAZ85408_251-333                         75.44%    passed     61.92%
 245  Concor_KXN73430_1-81                          76.04%    passed     87.48%
 246  Ccin_EAU83488_1-82                            75.74%    passed     53.20%
 247  Ncra_EAA26539_265-347                         75.44%    passed     75.66%
 248  Cang_ORZ40063_41-125                          74.85%    passed     52.98%
 249  Ctel_CapteP31266_1-68                         79.88%    passed     77.08%
 250  Lgig_LotgiP98370_2-83                         75.74%    passed     67.28%
 251  Phoaus_g909.t1_2-82                           76.04%    passed     84.94%
 252  Notgen_g22421.t1_2-84                         75.44%    passed     92.28%
 253  Linana_g28872.t1_1-84                         75.15%    passed     90.65%
 254  Morvir_scaffold194.g42.t1_2-84                75.44%    passed     96.31%
 255  Hydvul_Sc4wPfr_1626.g30658.t1_2-84            75.44%    passed     96.46%
 256  Clyhem_TCONS_00025845-protein_2-84            75.44%    passed     91.38%
 257  Hsap_ENSP00000366190.2_1-84                   75.15%    passed     97.18%
 258  Drer_ENSDARP00000060398.4_2-84                75.44%    passed     99.44%
 259  Bralan_BL24033_evm0_2-84                      75.44%    passed     94.21%
 260  Adig_XP_015765533.1_1-84                      75.15%    passed     91.42%
 261  Spis_XP_022791011_1_3-85                      75.44%    passed     96.36%
 262  Exapal_XP_020894286.1_2-84                    75.44%    passed     77.31%
 263  Exapal_XP_020894285.1_2-84                    75.44%    passed     77.31%
 264  Lpol_XP_022254977.1_2-87                      74.56%    passed     96.30%
 265  Cscu_XP_023244624.1_2-84                      75.44%    passed     95.08%
 266  Lpol_XP_013786666.1_2-84                      75.44%    passed     97.49%
 267  Lpol_XP_013776405.1_2-84                      75.44%    passed     92.99%
 268  Skow_XP_002733789.1_2-82                      76.04%    passed     76.73%
 269  Ptyfla_pfl_40v0_9_20150316_1g6067.t1_33-113   76.04%    passed     76.23%
 270  Spur_XP_030855494.1_2-84                      75.44%    passed     84.80%
 271  Apla_XP_022088700.1_2-84                      75.44%    passed     96.83%
 272  Tcas_XP_971252.1_2-84                         75.44%    passed     96.55%
 273  Dmel_FBpp0071583_2-84                         75.44%    passed     97.50%
 274  Cgig_EKC32796_2-51                            85.21%    passed     33.09%
 275  Helrob_HelroP135743_1-82                      75.74%    passed     22.86%
 276  Helrob_HelroP127015_1-82                      75.74%    passed     22.86%
 277  Helrob_HelroP89315_1-84                       75.15%    passed     60.41%
 278  Cint_ENSCINP00000033825.1_2-84                75.44%    passed     77.89%
 279  Lcom_lcpid78719_2-84                          75.44%    passed     44.18%
 280  Scil_scpid43659_2-84                          75.44%    passed     11.78%
 281  Tetwil_Twilhelma_g10937.t1_2-83               75.74%    passed     98.62%
 282  Emue_0019g1195a_2-84                          75.44%    passed     99.63%
 283  Emue_1189g1a_2-84                             75.44%    passed     99.63%
 284  Emue_0571g5a_2-52                             84.91%    passed     87.42%
 285  Aque_Aqu2.1.40841_001_2-84                    75.44%    passed     99.92%
 286  Mlei_ML3342_g5_t1_2-83                        75.74%    passed     93.76%
 287  Dpul_EFX72335_4-55                            84.62%    failed      1.51%
 288  Hduj_OQV12141.1_1-82                          75.74%    passed     92.73%
 289  Ramvar_GAU99256.1_1-82                        75.74%    passed     90.94%
 290  Drer_ENSDARP00000138562.1_2-84                75.44%    passed     67.88%
 291  Dpul_EFX72335_53-105                          84.32%    passed     80.84%
 292  Tielac_KYQ94068_1-71                          78.99%    passed     35.84%
 293  Ddis_EAL61234_1-81                            76.04%    passed     17.54%
 294  Hetalb_XP_020428412.1_1-81                    76.04%    passed     10.43%
 295  Cavfas_EGG18004_1-81                          76.04%    passed     58.32%
 296  Amobb2_AMBB2_10354.mRNA.1_49-110              81.66%    passed     42.63%
 297  Diprot_Gene.28610_4-106                       69.53%    passed     73.68%
 298  Gthe_EKX51405_1-69                            79.59%    passed     87.43%
 299  Spimul_25749_TR12806_c0_g1_11-92              75.74%    passed     86.00%
 300  Hemkuk_26312_TR8828_c2_g13_1-80               76.33%    passed     65.00%
 301  Phakir_PHAKIR_17794.mRNA.1_170-252            75.44%    passed     69.93%
 302  Bdis_KQK05632_1-81                            76.04%    passed     76.36%
 303  Sbic_EES18432_1-81                            76.04%    passed     78.91%
 304  Mgut_XP_012838142.1_1-81                      76.04%    passed     81.76%
 305  Smoe_EFJ24289_1-81                            76.04%    passed     99.68%
 306  Sphfal_Sphfalx02G185100.2.p_1-81              76.04%    passed     99.03%
 307  Sphfal_Sphfalx02G185100.1.p_1-81              76.04%    passed     99.03%
 308  Ppat_Pp3c8_1620V3.3_1-81                      76.04%    passed     99.37%
 309  Ppat_Pp3c3_34860V3.1_1-81                     76.04%    passed     99.62%
 310  Marpol_PTQ49951_1-81                          76.04%    passed     98.76%
 311  Atha_AT3G12480.1_1-81                         76.04%    passed     94.36%
 312  Atri_ERN18121_1-81                            76.04%    passed     98.22%
 313  Atri_ERM99076_1-81                            76.04%    passed     96.39%
 314  Mgut_XP_012830670.1_1-81                      76.04%    passed     82.27%
 315  Acoe_PIA48702.1_1-81                          76.04%    passed     96.73%
 316  Acoe_PIA53216.1_1-81                          76.04%    passed     87.76%
 317  Sbic_EES08635_1-81                            76.04%    passed     98.59%
 318  Bdis_KQJ88292_1-81                            76.04%    passed     98.72%
 319  Atha_AT5G19490.1_1-81                         76.04%    passed     91.87%
 320  Mgut_XP_012851439.1_1-81                      76.04%    passed     68.38%
 321  Ppat_Pp3c4_6930V3.1_10-89                     76.33%    passed     90.22%
 322  Sacu_v1.1_s0023.g008789_79-158                76.33%    passed     74.28%
 323  Sacu_v1.1_s0103.g019985_70-149                76.33%    passed     86.24%
 324  Chabra_GBG82431_68-147                        76.33%    passed     27.12%
 325  Chabra_GBG80944_31-110                        76.33%    passed     71.27%
 326  Klenit_GAQ85901.1_1-82                        75.74%    passed     98.74%
 327  Mpus_XP_003056791.1_1-70                      79.29%    passed     81.92%
 328  Lcom_lcpid238363_18-109                       72.78%    failed      3.58%
 329  Cpar_Cpar_evm1s7203_1-82                      75.74%    passed     84.12%
 330  Nk52_evm1s2431_1-81                           76.04%    passed     88.23%
 331  Porpur_KAA8496399.1_1-82                      75.74%    passed     37.54%
 332  Gracho_PXF47700.1_1-82                        75.74%    passed     82.22%
 333  Chocri_XP_005718017.1_1-82                    75.74%    passed     30.16%
 334  Porumb_OSX79529.1_1-82                        75.74%    passed     39.49%
 335  Caulen_g2614.t1_6-82                          77.22%    passed     86.79%
 336  Crei_PNW72158_2-80                            76.63%    passed     84.83%
 337  Vcar_XP_002949571.1_1-74                      78.11%    passed     84.75%
 338  Cocsub_XP_005652243.1_3-79                    77.22%    passed     88.74%
 339  Ulvmut_UM018_00401_3-79                       77.22%    passed     59.60%
 340  Cneo_AAW43721_4-84                            76.04%    passed     98.89%
 341  Cvar_XP_005847021.1_5-81                      77.22%    passed     54.61%
 342  Sarc_Sarc4_g14168T_1-80                       76.33%    passed     76.41%
 343  Gonavo_comp57969_c1_seq1_6_ORF6_124_31-110    76.33%    passed     38.78%
 344  Sman_Smp_167570.1_pep_81-156                  77.51%    passed     80.32%
 345  Emul_CDI97481.1_1-79                          76.63%    passed     89.31%
 346  Otau_XP_022839558.1_1-79                      76.63%    passed     46.56%
 347  Sros_EGD81611_1-80                            76.33%    passed     15.90%
 348  Gefoke_MALSP_18453.mRNA.1_9-90                75.74%    passed     64.12%
 349  Maljak_MALJA_02101.mRNA.1_12-96               74.85%    passed      6.53%
 350  Maljak_MALJA_02874.mRNA.1_9-96                73.96%    passed     12.45%
 351  Plamic_ANCSI_03453.mRNA.1_1-67                80.18%    passed     54.66%
 352  Pygbif_GCRY01006258.1.p1_48-130               75.44%    passed     79.69%
 353  Falb_KCV69996_1-81                            76.04%    passed     36.76%
 354  Rigram_Gene.17574_1-82                        75.74%    passed     10.73%
 355  Plabra_CEO95688_52-135                        75.15%    passed     36.76%
 356  Cowc_KJE93258_1-65                            80.77%    passed     78.92%
 357  Ehux_EOD13497_1-81                            76.04%    passed     28.62%
 358  Chrtob_KOO29033.1_1-64                        81.07%    passed     88.77%
 359  Styinc_Gene22531_m22531_55-132                76.92%    passed     75.64%
 360  Styinc_Gene21565_m21565_60-137                76.92%    passed     75.64%
 361  Andgod_ANDGO_01438.mRNA.1_5-89                74.85%    passed     86.55%
 362  Bnat_JGI_V11_137993_2-84                      75.44%    passed     69.38%
 363  Scer_YER159C_43-122                           76.33%    passed     45.60%
 364  Ptet_CAK92920_6-75                            79.29%    failed      1.28%
 365  Ptet_CAK60254_6-75                            79.29%    failed      1.28%
 366  Tthe_EAS03716_1-69                            79.59%    passed      8.08%
 367  Oxytri_EJY74864_1-82                          75.74%    passed     69.81%
 368  Mbre_EDQ85315_54-128                          77.81%    passed     49.47%
 369  Clim_evm123s149_1-80                          76.33%    passed     29.07%
 370  Ttra_KNC47050_1-81                            76.04%    passed     19.52%
 371  Secula_SECUL_01207.mRNA.1_232-313             75.74%    passed     28.37%
 372  Rigram_Gene.6672_62-152                       73.08%    passed     11.67%
 373  Meteor_CRO19MET_NODE_11349.p3_33-113          76.04%    passed     85.97%
 374  Plamic_ANCSI_10477.mRNA.1_71-190              64.50%    failed      1.31%
 375  Cocsub_XP_005652065.1_10-90                   76.04%    passed     15.65%
 376  Exapal_XP_020917215.1_18-98                   76.04%    passed     64.27%
 377  Nvec_NVE20479_25-105                          76.04%    passed     85.55%
 378  Spis_XP_022808137_1_18-108                    73.08%    passed     80.95%
 379  Adig_XP_015769980.1_19-98                     76.33%    passed     96.00%
 380  Tadh_P56174_15-100                            74.56%    passed     25.01%
 381  Ocar_g7906.t1_20-117                          71.01%    passed     70.94%
 382  Lpol_XP_013790553.1_23-122                    70.41%    passed     67.87%
 383  Dpul_EFX76725_1-77                            77.22%    passed     94.29%
 384  Bralan_BL22141_evm0_28-108                    76.04%    passed     89.71%
 385  Cscu_XP_023239934.1_4-100                     71.30%    passed     53.24%
 386  Drer_ENSDARP00000016362.7_37-123              74.26%    passed     95.57%
 387  Hsap_ENSP00000420176.1_30-113                 75.15%    passed     41.59%
 388  Cint_ENSCINP00000022907.2_1-71                78.99%    passed     97.88%
 389  Skow_XP_002732556.1_9-111                     69.53%    passed      8.97%
 390  Apla_XP_022101787.1_17-108                    72.78%    passed     89.39%
 391  Apla_XP_022101788.1_17-98                     75.74%    passed     74.90%
 392  Ctel_CapteP218640_17-106                      73.37%    passed     59.67%
 393  Helrob_HelroP127849_1-78                      76.92%    passed     62.15%
 394  Phoaus_g5375.t1_10-101                        72.78%    passed     72.81%
 395  Notgen_g8534.t1_13-106                        72.19%    passed     91.24%
 396  Linana_g4796.t1_2-106                         68.93%    passed     68.44%
 397  Spur_XP_030852301.1_8-106                     70.71%    passed     39.55%
 398  Dmel_FBpp0071738_36-150                       65.98%    passed     61.46%
 399  Tcas_XP_015840379.1_23-113                    73.08%    passed     66.05%
 400  Clyhem_TCONS_00006930-protein_13-117          68.93%    passed     60.43%
 401  Hydvul_Sc4wPfr_384.g24787.t1_12-131           64.50%    passed     85.33%
 402  Tetwil_Twilhelma_g8483.t1_14-101              73.96%    passed     84.17%
 403  Aque_Aqu2.1.41480_001_52-140                  73.67%    passed     65.39%
 404  Lgig_LotgiP89209_2-91                         73.37%    passed     79.05%
 405  Cgig_EKC20566_1-108                           68.05%    passed     39.78%
 406  Scil_scpid97356_18-119                        69.82%    passed     58.40%
 407  Lcom_lcpid110229_1-116                        65.68%    passed     15.13%
 408  Sros_EGD74456_1-82                            75.74%    passed     84.62%
 409  Cscu_XP_023239935.1_18-94                     77.22%    passed     97.47%
 410  Plafun_PRP88375_8-105                         71.01%    passed     95.31%
 411  Coerev_PIA14488.1_5-88                        75.15%    passed     20.97%
 412  Secula_SECUL_04950.mRNA.1_8-92                74.85%    passed     31.14%
 413  Recame_RECAM_06813.mRNA.1_1-83                75.44%    passed     66.84%
 414  Jakbah_JAKBA_05212.mRNA.1_38-175              59.17%    failed      0.04%
 415  Amobb2_AMBB2_07932.mRNA.1_9-128               64.50%    failed      2.16%
 416  Amobb2_AMBB2_07932.mRNA.2_9-126               65.09%    passed      8.88%
 417  Phakir_PHAKIR_17026.mRNA.1_4-90               74.26%    passed     32.46%
 418  Ngru_EFC35693_23-110                          73.96%    passed     72.42%
 419  Pisp_OUM68984.1_6-94                          73.67%    passed     26.72%
 420  Malcal_MALCA_07798.mRNA.1_4-85                75.74%    passed     75.31%
 421  Gefoke_MALSP_09219.mRNA.1_34-117              75.15%    passed     39.85%
 422  Umbram_220160_17-97                           76.04%    passed     26.61%
 423  Mcir_OAD00123_18-105                          73.96%    passed     53.60%
 424  Pbla_XP_018290928.1_1-79                      76.63%    passed     16.98%
 425  Plebac_Pbla_mRNA_8715_1-79                    76.63%    passed     16.98%
 426  Rhidel_EIE82245_3-91                          73.67%    passed      6.97%
 427  Ddis_EAL71007_13-150                          59.17%    failed      0.00%
 428  Hetalb_XP_020435757.1_66-146                  76.04%    passed     20.62%
 429  Tielac_KYR01087_20-151                        60.95%    failed      0.00%
 430  Cavfas_EGG15245_3-151                         55.92%    failed      0.00%
 431  Morelo_OAQ33723_14-112                        70.71%    passed     39.70%
 432  Cneo_AAW44766_44-148                          68.93%    passed     56.04%
 433  Umay_KIS70135_22-103                          75.74%    passed     76.42%
 434  Cowc_KJE92283_38-119                          75.74%    passed     59.51%
 435  Nk52_evm2s2020_8-91                           75.15%    passed     44.08%
 436  Mvib_comp11634_c0_seq1_fr6_28-107             76.33%    passed     97.24%
 437  Cgig_EKC36692_5-80                            77.51%    passed     87.35%
 438  Linana_g18002.t1_5-75                         78.99%    passed     94.05%
 439  Linana_g33247.t1_5-75                         78.99%    passed     94.05%
 440  Hsap_ENSP00000220913.5_9-88                   76.33%    passed     46.80%
 441  Drer_ENSDARP00000062079.3_11-90               76.33%    passed     30.59%
 442  Lgig_LotgiP237706_1-67                        80.18%    passed     99.72%
 443  Helrob_HelroP182743_3-71                      79.59%    passed     40.60%
 444  Mlei_ML0622_g11_t1_11-79                      79.59%    passed     82.99%
 445  Phoaus_g3507.t1_2-60                          82.54%    failed      4.26%
 446  Cscu_XP_023235679.1_7-85                      76.63%    passed     22.77%
 447  Nvec_NVE9411_6-80                             77.81%    passed     38.10%
 448  Exapal_XP_020910266.1_10-77                   79.88%    passed     63.35%
 449  Spis_XP_022788158_1_6-75                      79.29%    passed     71.30%
 450  Adig_XP_015751813.1_7-76                      79.29%    passed     56.43%
 451  Hydvul_Sc4wPfr_1043.g6718.t1_178-246          79.59%    passed     62.86%
 452  Clyhem_TCONS_00016424-protein_14-80           80.18%    passed     75.25%
 453  Morvir_scaffold2.g82.t2_36-100                80.77%    failed      3.92%
 454  Morvir_scaffold2.g82.t1_36-100                80.77%    failed      3.92%
 455  Tadh_P58930_8-83                              77.51%    passed     38.06%
 456  Spur_XP_030830707.1_1-64                      81.07%    passed     33.09%
 457  Lpol_XP_013788612.1_3-67                      80.77%    passed     25.75%
 458  Lpol_XP_013776826.1_3-80                      76.92%    failed      1.80%
 459  Notgen_g28633.t1_1-59                         82.54%    passed     86.26%
 460  Notgen_g28635.t1_1-59                         82.54%    passed     86.26%
 461  Ncra_EAA33129_10-94                           74.85%    passed     93.52%
 462  Tmel_CAZ85724_11-94                           75.15%    passed     90.90%
 463  Rirr_GBC53336_3-81                            76.63%    passed     70.37%
 464  Spom_SPCC16C4.22.1_pep_1-84                   75.15%    passed     60.93%
 465  Bden_EGF80712_26-116                          73.08%    passed     46.46%
 466  Spun_KNC99192_12-94                           75.44%    passed     82.24%
 467  Marpol_PTQ28281_1-131                         61.24%    failed      0.21%
 468  Sphfal_Sphfalx19G023500.1.p_75-154            76.33%    passed     27.28%
 469  Ppat_Pp3c26_700V3.2_49-119                    78.99%    passed     83.52%
 470  Ppat_Pp3c17_12030V3.1_1-129                   61.83%    failed      0.84%
 471  Chabra_GBG62379_114-196                       75.44%    passed     35.85%
 472  Sacu_v1.1_s0270.g027007_62-139                76.92%    passed     78.30%
 473  Azfi_s0091.g042865_98-176                     76.63%    passed     81.34%
 474  Klenit_GAQ83489.1_25-110                      74.56%    passed     38.54%
 475  Styinc_Gene22545_m22545_87-166                76.33%    passed     96.56%
 476  Ttra_KNC46320_8-93                            74.56%    passed     98.62%
 477  Diprot_Gene.19439_209-289                     76.04%    passed     33.49%
 478  Diprot_Gene.19754_36-164                      61.83%    failed      3.46%
 479  Rigram_Gene.16606_12-93                       75.74%    passed     89.47%
 480  Rigram_Gene.17487_1-84                        75.15%    passed     12.11%
 481  Esil_CBN79154_131-209                         76.63%    passed     51.24%
 482  Coka_g8035.t1_133-211                         76.63%    passed     74.80%
 483  Aano_EGB08239_1-73                            78.40%    passed     91.14%
 484  Ngad_EWM28620_54-192                          58.88%    failed      1.24%
 485  Tpse_EED96293_210-287                         76.92%    passed     25.61%
 486  Phatri_Phatr3_J46740.p1_203-288               74.56%    passed     45.96%
 487  Ngad_EWM23593_251-331                         76.04%    passed     14.55%
 488  Aplker_89966_96-166                           78.99%    passed     44.25%
 489  Amac_KNE57951_17-100                          75.15%    passed     14.43%
 490  Amac_KNE59127_13-100                          73.96%    passed     10.52%
 491  Cang_ORZ37416_16-86                           78.99%    passed     99.24%
 492  Sarc_Sarc4_g26355T_1-81                       76.04%    passed     72.82%
 493  Cfra_CFRG1527T1_1-85                          74.85%    passed     69.39%
 494  Spimul_11887_TR6277_c0_g1_37-174              59.17%    failed      1.11%
 495  Gpro_KXS11196_55-136                          75.74%    passed     77.90%
 496  Cfra_CFRG2959T1_2-110                         67.75%    passed     40.71%
 497  Sarc_Sarc4_g2922T_19-127                      67.75%    passed     14.42%
 498  Andgod_ANDGO_01400.mRNA.1_14-97               75.15%    passed     47.42%
 499  Dpul_EFX70446_6-75                            79.29%    passed     81.19%
 500  Nutlon_comp6357_c0_seq1.p2_1-132              60.95%    failed      0.00%
 501  Sappar_KDO30893_153-234                       75.74%    passed     34.82%
 502  Pinf_PITG_19530T0_85-162                      76.92%    passed     64.10%
 503  Atha_AT5G43250.1_1-85                         74.85%    passed     89.47%
 504  Acoe_PIA47860.1_1-98                          71.01%    failed      3.96%
 505  Mgut_XP_012851147.1_14-97                     75.15%    passed     68.91%
 506  Atri_ERN03859_1-82                            75.74%    passed     48.66%
 507  Sbic_EES02346_55-171                          65.38%    failed      0.00%
 508  Bdis_KQK03061_38-176                          58.88%    failed      0.00%
 509  Klenit_GAQ82755.1_174-254                     76.04%    passed     87.00%
 510  Sacu_v1.1_s0148.g023219_146-227               75.74%    passed     12.03%
 511  Pygbif_GCRY01004662.1.p1_1-83                 75.44%    passed     95.34%
 512  Otau_XP_022841336.1_90-169                    76.33%    passed     31.40%
 513  Mpus_XP_003059971.1_71-169                    70.71%    failed      0.05%
 514  Ppat_Pp3c13_23370V3.1_230-315                 74.56%    passed     67.76%
 515  Sphfal_Sphfalx11G098300.1.p_247-327           76.04%    passed     70.88%
 516  Smoe_EFJ24094_1-83                            75.44%    passed     85.42%
 517  Ccin_EAU85923_67-193                          62.43%    passed      9.22%
 518  Gonavo_g19904.t1_267-350                      75.15%    passed     28.27%
 519  Plabra_CEP02489_73-154                        75.74%    passed     19.95%
 520  Schagg_81055_141-218                          76.92%    passed     98.88%
 521  Honfer_GBG33381_77-155                        76.63%    passed     54.50%
 522  Aurlim_62660_1-74                             78.11%    passed     10.53%
 523  Aplker_54810_796-873                          76.92%    passed     19.73%
 524  Tcas_XP_015838035.1_1-77                      77.22%    passed     30.36%
 525  Sbic_KXG37104_331-413                         75.44%    passed     59.47%
 526  Bdis_KQK12055_205-286                         75.74%    passed     70.91%
 527  Atha_AT1G07980.1_100-182                      75.44%    passed     67.21%
 528  Acoe_PIA38559.1_85-166                        75.74%    passed     46.12%
 529  Mgut_XP_012838341.1_174-253                   76.33%    passed      7.23%
 530  Concor_KXN71006_35-117                        75.44%    passed     56.15%
 531  Carmem_b926.p2_13-95                          75.44%    passed     47.36%
 532  Carmem_b3502.p2_14-96                         75.44%    passed     47.36%
 533  Carmem_536.p3_7-89                            75.44%    passed     47.36%
 534  Tpse_EED92599_134-215                         75.74%    passed     81.62%
 535  Phatri_Phatr3_J47041.p1_67-202                59.76%    failed      1.47%
 536  Clim_evm23s154_5-128                          63.31%    failed      2.08%
 537  Rall_EPZ35461_7-96                            73.37%    passed     31.11%
 538  Coka_g20225.t1_301-378                        76.92%    passed     93.69%
 539  Esil_CBJ26866_221-298                         76.92%    passed     89.44%
 540  Pavlsp_1096555_33-118                         74.56%    passed     49.29%
 541  Gthe_EKX45773_43-147                          68.93%    passed     52.06%
 542  Mbre_EDQ89128_111-191                         76.04%    passed     12.94%
 543  Coka_g10668.t1_272-349                        76.92%    passed      6.07%
 544  Esil_CBN79433_263-340                         76.92%    failed      4.97%
 545  Hduj_OQV18380.1_62-143                        75.74%    passed     54.74%
 546  Ramvar_GAU95751.1_78-162                      74.85%    passed     94.73%
 547  Crei_PNW85591_88-171                          75.15%    failed      0.03%
 548  Vcar_XP_002957240.1_84-166                    75.44%    failed      0.07%
 549  Cocsub_XP_005649677.1_96-186                  73.08%    passed     60.69%
 550  Cvar_XP_005851642.1_104-183                   76.33%    failed      0.51%
 551  Sman_Smp_046910.1_pep_1-89                    73.67%    failed      4.59%
 552  Emul_CDS40224.1_74-153                        76.33%    passed     30.06%
 553  Retfil_ETO30496_124-206                       75.44%    passed     48.07%
 554  Diprot_Gene.23338_31-111                      76.04%    passed     68.18%
 555  Spimul_14454_TR7788_c0_g1_29-113              74.85%    passed     77.47%
 556  Cmer_CMT396CT_70-142                          78.40%    failed      2.53%
WARNING: 556 sequences contain more than 50% gaps/ambiguity
****  TOTAL                                         73.25%  50 sequences failed composition chi2 test (p-value<5%; df=19)
NOTE: Exapal_XP_020914761.1_11-114 is identical to Exapal_XP_020914762.1_11-114 but kept for subsequent analysis
NOTE: Spur_XP_030838916.1_16-116 is identical to Spur_XP_030838917.1_16-116 but kept for subsequent analysis
NOTE: Smoe_EFJ36761_1-79 is identical to Smoe_EFJ27903_1-79 but kept for subsequent analysis
NOTE: Pbla_XP_018283581.1_1-86 is identical to Plebac_Pbla_mRNA_16165_1-86 but kept for subsequent analysis
NOTE: Pbla_XP_018293938.1_41-131 is identical to Plebac_Pbla_mRNA_5248_41-131 but kept for subsequent analysis
NOTE: Oxytri_EJY68130_1-86 is identical to Oxytri_EJY68192_1-86 but kept for subsequent analysis
NOTE: Coka_g13465.t1_27-123 is identical to Coka_g13465.t2_27-123 but kept for subsequent analysis
NOTE: Plebac_Pbla_mRNA_14832_1-79 is identical to Pbla_XP_018284896.1_1-79 but kept for subsequent analysis
NOTE: Exapal_XP_020894285.1_2-84 is identical to Exapal_XP_020894286.1_2-84 but kept for subsequent analysis
NOTE: Helrob_HelroP127015_1-82 is identical to Helrob_HelroP135743_1-82 but kept for subsequent analysis
NOTE: Emue_1189g1a_2-84 is identical to Emue_0019g1195a_2-84 but kept for subsequent analysis
NOTE: Sphfal_Sphfalx02G185100.1.p_1-81 is identical to Sphfal_Sphfalx02G185100.2.p_1-81 but kept for subsequent analysis
NOTE: Styinc_Gene21565_m21565_60-137 is identical to Styinc_Gene22531_m22531_55-132 but kept for subsequent analysis
NOTE: Ptet_CAK60254_6-75 is identical to Ptet_CAK92920_6-75 but kept for subsequent analysis
NOTE: Plebac_Pbla_mRNA_8715_1-79 is identical to Pbla_XP_018290928.1_1-79 but kept for subsequent analysis
NOTE: Linana_g33247.t1_5-75 is identical to Linana_g18002.t1_5-75 but kept for subsequent analysis
NOTE: Morvir_scaffold2.g82.t1_36-100 is identical to Morvir_scaffold2.g82.t2_36-100 but kept for subsequent analysis
NOTE: Notgen_g28635.t1_1-59 is identical to Notgen_g28633.t1_1-59 but kept for subsequent analysis
NOTE: Carmem_b3502.p2_14-96 is identical to Carmem_b926.p2_13-95 but kept for subsequent analysis
NOTE: 1 identical sequences (see below) will be ignored for subsequent analysis
NOTE: Carmem_536.p3_7-89 (identical to Carmem_b926.p2_13-95) is ignored but added at the end
Alignment was printed to alignments/euk.Histone.to_histdb/CC5_.iqt.uniqueseq.phy

For your convenience alignment with unique sequences printed to alignments/euk.Histone.to_histdb/CC5_.iqt.uniqueseq.phy

Create initial parsimony tree by phylogenetic likelihood library (PLL)... 0.189 seconds

NOTE: 113 MB RAM (0 GB) is required!
Estimate model parameters (epsilon = 0.500)
1. Initial log-likelihood: -65300.400
2. Current log-likelihood: -59501.128
3. Current log-likelihood: -59292.396
4. Current log-likelihood: -59280.548
Optimal log-likelihood: -59280.212
Gamma shape alpha: 1.308
Parameters optimization took 4 rounds (4.154 sec)
Computing ML distances based on estimated model parameters...
Computing ML distances took 28.962376 sec (of wall-clock time) 28.961877 sec(of CPU time)
WARNING: Some pairwise ML distances are too long (saturated)
Computing RapidNJ tree took 0.022174 sec (of wall-clock time) 0.035980 sec (of CPU time)
Log-likelihood of RapidNJ tree: -59017.305
--------------------------------------------------------------------
|             INITIALIZING CANDIDATE TREE SET                      |
--------------------------------------------------------------------

Do NNI search on 2 best initial trees
Estimate model parameters (epsilon = 0.500)
BETTER TREE FOUND at iteration 1: -58397.946
Finish initializing candidate tree set (4)
Current best tree score: -58397.946 / CPU time: 28.749
Number of iterations: 2
TREE SEARCH COMPLETED AFTER 2 ITERATIONS / Time: 0h:1m:7s

--------------------------------------------------------------------
|                    FINALIZING TREE SEARCH                        |
--------------------------------------------------------------------
Performs final model parameters optimization
Estimate model parameters (epsilon = 0.050)
1. Initial log-likelihood: -58397.946
Optimal log-likelihood: -58397.937
Gamma shape alpha: 1.199
Parameters optimization took 1 rounds (1.001 sec)
BEST SCORE FOUND : -58397.937
Total tree length: 245.436

Total number of iterations: 2
CPU time used for tree search: 28.757 sec (0h:0m:28s)
Wall-clock time used for tree search: 28.758 sec (0h:0m:28s)
Total CPU time used: 68.549 sec (0h:1m:8s)
Total wall-clock time used: 68.374 sec (0h:1m:8s)

Analysis results written to: 
  IQ-TREE report:                alignments/euk.Histone.to_histdb/CC5_.iqt.iqtree
  Maximum-likelihood tree:       alignments/euk.Histone.to_histdb/CC5_.iqt.treefile
  Likelihood distances:          alignments/euk.Histone.to_histdb/CC5_.iqt.mldist
  Screen log file:               alignments/euk.Histone.to_histdb/CC5_.iqt.log

Date and Time: Mon Nov 16 18:22:45 2020
