IQ-TREE multicore version 2.1.0 for Linux 64-bit built Jul 18 2020
Developed by Bui Quang Minh, James Barbetti, Nguyen Lam Tung,
Olga Chernomor, Heiko Schmidt, Dominik Schrempf, Michael Woodhams.

Host:    lapis (AVX2, FMA3, 15 GB RAM)
Command: iqtree2 -s alignments/euk.Histone.to_histdb/CC8_H2A.l.fasta -m LG+G4 -ntmax 8 -fast -pre alignments/euk.Histone.to_histdb/CC8_H2A.iqt
Seed:    951324 (Using SPRNG - Scalable Parallel Random Number Generator)
Time:    Mon Nov 16 18:22:46 2020
Kernel:  AVX+FMA - 1 threads (8 CPU cores detected)

HINT: Use -nt option to specify number of threads because your CPU has 8 cores!
HINT: -nt AUTO will automatically determine the best number of threads to use.

Reading alignment file alignments/euk.Histone.to_histdb/CC8_H2A.l.fasta ... Fasta format detected
Alignment most likely contains protein sequences
Alignment has 28 sequences with 176 columns, 165 distinct patterns
83 parsimony-informative, 39 singleton sites, 54 constant sites
                                  Gap/Ambiguity  Composition  p-value
   1  Phoaus_g16599.t1_44-186            18.75%    passed     98.92%
   2  Auraur_scaffold121.g36.t1_1-54     69.32%    passed     82.21%
   3  Ctel_CapteP226962_1-142            19.32%    passed     98.36%
   4  Skow_XP_002735179.1_49-174         28.41%    passed     99.99%
   5  Notgen_g6728.t1_59-186             27.27%    passed     99.95%
   6  Lpol_XP_022239325.1_58-184         27.84%    passed     99.99%
   7  Cscu_XP_023235178.1_56-185         26.14%    passed     99.98%
   8  Linana_g9088.t1_93-215             30.11%    passed     99.90%
   9  Apla_XP_022105286.1_49-171         30.11%    passed     98.19%
  10  Apla_XP_022105288.1_49-171         30.11%    passed     98.19%
  11  Bralan_BL18597_evm5_65-184         31.82%    passed     99.34%
  12  Hsap_ENSP00000216373.5_52-178      27.84%    passed     99.98%
  13  Drer_ENSDARP00000079754.5_48-174   27.84%    passed     98.50%
  14  Hsap_ENSP00000384675.2_50-178      26.70%    passed     99.56%
  15  Drer_ENSDARP00000142293.1_47-176   26.14%    passed     96.65%
  16  Dpul_EFX72413_52-187               22.73%    passed     99.90%
  17  Spur_XP_782335.4_52-174            30.11%    passed     99.85%
  18  Adig_XP_015751216.1_51-173         30.11%    passed     99.65%
  19  Spis_XP_022804229_1_51-172         30.68%    passed     99.56%
  20  Nvec_NVE23212_50-172               30.11%    passed     90.31%
  21  Cgig_EKC39507_53-175               30.11%    passed     83.33%
  22  Tcas_XP_015836311.1_35-182         15.91%    passed     94.89%
  23  Tcas_XP_008194701.1_35-182         15.91%    passed     97.62%
  24  Dmel_FBpp0080118_83-227            17.61%    passed     99.25%
  25  Lgig_LotgiP210797_96-203           38.64%    passed     98.85%
  26  Helrob_HelroP84957_87-187          42.61%    passed     48.35%
  27  Ocar_g2391.t1_1-124                29.55%    passed     63.35%
  28  Cowc_KJE91536_79-179               42.61%    passed     50.66%
WARNING: 1 sequences contain more than 50% gaps/ambiguity
****  TOTAL                              29.44%  0 sequences failed composition chi2 test (p-value<5%; df=19)
NOTE: Apla_XP_022105288.1_49-171 is identical to Apla_XP_022105286.1_49-171 but kept for subsequent analysis

Create initial parsimony tree by phylogenetic likelihood library (PLL)... 0.002 seconds

NOTE: 3 MB RAM (0 GB) is required!
Estimate model parameters (epsilon = 0.500)
1. Initial log-likelihood: -3146.452
2. Current log-likelihood: -3076.281
3. Current log-likelihood: -3074.189
Optimal log-likelihood: -3073.923
Gamma shape alpha: 0.876
Parameters optimization took 3 rounds (0.146 sec)
Computing ML distances based on estimated model parameters...
Computing ML distances took 0.055369 sec (of wall-clock time) 0.055374 sec(of CPU time)
Computing RapidNJ tree took 0.000097 sec (of wall-clock time) 0.000095 sec (of CPU time)
Log-likelihood of RapidNJ tree: -3110.115
--------------------------------------------------------------------
|             INITIALIZING CANDIDATE TREE SET                      |
--------------------------------------------------------------------

Do NNI search on 2 best initial trees
Estimate model parameters (epsilon = 0.500)
BETTER TREE FOUND at iteration 1: -3069.711
Finish initializing candidate tree set (4)
Current best tree score: -3069.711 / CPU time: 0.390
Number of iterations: 2
TREE SEARCH COMPLETED AFTER 2 ITERATIONS / Time: 0h:0m:0s

--------------------------------------------------------------------
|                    FINALIZING TREE SEARCH                        |
--------------------------------------------------------------------
Performs final model parameters optimization
Estimate model parameters (epsilon = 0.050)
1. Initial log-likelihood: -3069.711
Optimal log-likelihood: -3069.710
Gamma shape alpha: 0.852
Parameters optimization took 1 rounds (0.021 sec)
BEST SCORE FOUND : -3069.710
Total tree length: 7.693

Total number of iterations: 2
CPU time used for tree search: 0.523 sec (0h:0m:0s)
Wall-clock time used for tree search: 0.390 sec (0h:0m:0s)
Total CPU time used: 0.817 sec (0h:0m:0s)
Total wall-clock time used: 0.671 sec (0h:0m:0s)

Analysis results written to: 
  IQ-TREE report:                alignments/euk.Histone.to_histdb/CC8_H2A.iqt.iqtree
  Maximum-likelihood tree:       alignments/euk.Histone.to_histdb/CC8_H2A.iqt.treefile
  Likelihood distances:          alignments/euk.Histone.to_histdb/CC8_H2A.iqt.mldist
  Screen log file:               alignments/euk.Histone.to_histdb/CC8_H2A.iqt.log

Date and Time: Mon Nov 16 18:22:47 2020
