This is pdfTeX, Version 3.14159265-2.6-1.40.20 (TeX Live 2019/Debian) (preloaded format=pdflatex 2020.9.18)  26 OCT 2021 17:03
entering extended mode
 restricted \write18 enabled.
 %&-line parsing enabled.
**stamsii_modified.g.fasta.colour.tex
(./stamsii_modified.g.fasta.colour.tex
LaTeX2e <2020-02-02> patch level 2
L3 programming layer <2020-02-14>
(/usr/share/texlive/texmf-dist/tex/latex/base/article.cls
Document Class: article 2019/12/20 v1.4l Standard LaTeX document class
(/usr/share/texlive/texmf-dist/tex/latex/base/size10.clo
File: size10.clo 2019/12/20 v1.4l Standard LaTeX file (size option)
)
\c@part=\count167
\c@section=\count168
\c@subsection=\count169
\c@subsubsection=\count170
\c@paragraph=\count171
\c@subparagraph=\count172
\c@figure=\count173
\c@table=\count174
\abovecaptionskip=\skip47
\belowcaptionskip=\skip48
\bibindent=\dimen134
)
(/usr/share/texlive/texmf-dist/tex/latex/psnfss/times.sty
Package: times 2005/04/12 PSNFSS-v9.2a (SPQR) 
)
(/home/xavi/R/x86_64-pc-linux-gnu-library/4.1/msa/tex/texshade.sty
Package: texshade 2021/04/01 LaTeX TeXshade (v1.26)

Package `texshade', Version 1.26 of 2021/04/01.
(/usr/share/texlive/texmf-dist/tex/latex/graphics/color.sty
Package: color 2019/11/23 v1.2a Standard LaTeX Color (DPC)

(/usr/share/texlive/texmf-dist/tex/latex/graphics-cfg/color.cfg
File: color.cfg 2016/01/02 v1.6 sample color configuration
)
Package color Info: Driver file: dvips.def on input line 147.

(/usr/share/texlive/texmf-dist/tex/latex/graphics-def/dvips.def
File: dvips.def 2017/06/20 v3.1d Graphics/color driver for dvips
)
(/usr/share/texlive/texmf-dist/tex/latex/graphics/dvipsnam.def
File: dvipsnam.def 2016/06/17 v3.0m Driver-dependent file (DPC,SPQR)
))
(/usr/share/texlive/texmf-dist/tex/latex/graphics/graphics.sty
Package: graphics 2019/11/30 v1.4a Standard LaTeX Graphics (DPC,SPQR)

(/usr/share/texlive/texmf-dist/tex/latex/graphics/trig.sty
Package: trig 2016/01/03 v1.10 sin cos tan (DPC)
)
(/usr/share/texlive/texmf-dist/tex/latex/graphics-cfg/graphics.cfg
File: graphics.cfg 2016/06/04 v1.11 sample graphics configuration
)
Package graphics Info: Driver file: pdftex.def on input line 105.

(/usr/share/texlive/texmf-dist/tex/latex/graphics-def/pdftex.def
File: pdftex.def 2018/01/08 v1.0l Graphics/color driver for pdftex
))
\structurefile=\read2
\featurefile=\write3
\alignfile=\read3
\sublogofile=\read4
\exp@rtfile=\write4
\exp@rt@chimerafile=\write5

(/usr/share/texlive/texmf-dist/tex/latex/amsfonts/amssymb.sty
Package: amssymb 2013/01/14 v3.01 AMS font symbols

(/usr/share/texlive/texmf-dist/tex/latex/amsfonts/amsfonts.sty
Package: amsfonts 2013/01/14 v3.01 Basic AMSFonts support
\@emptytoks=\toks14
\symAMSa=\mathgroup4
\symAMSb=\mathgroup5
LaTeX Font Info:    Redeclaring math symbol \hbar on input line 98.
LaTeX Font Info:    Overwriting math alphabet `\mathfrak' in version `bold'
(Font)                  U/euf/m/n --> U/euf/b/n on input line 106.
))
\symalphahelix=\mathgroup6
\loopcount=\count175
\innerloopcount=\count176
\outerloopcount=\count177
\seq@count=\count178
\killseq@count=\count179
\seq@percent=\count180
\res@count=\count181
\seq@pointer=\count182
\pos@count=\count183
\res@perline=\count184
\end@count=\count185
\cons@count=\count186
\total@count=\count187
\temp@count=\count188
\triple@count=\count189
\temp@@count=\count190
\pos@sum=\count191
\box@width=\skip49
\name@width=\skip50
\box@depth=\skip51
\width@tmp=\skip52
\box@height=\skip53
\number@width=\skip54
\line@stretch=\skip55
\center@fill=\skip56
\arrow@width=\skip57
\arrow@height=\skip58
\rule@thick=\skip59
\arrow@thick=\skip60
\logo@height=\skip61
\equal@width=\skip62
\equal@tmp=\skip63
\equal@height=\skip64
\temp@@length=\skip65
\vspace@legend=\skip66
\hspace@legend=\skip67
\bar@length=\skip68
Package color Info: Redefining color LightGray on input line 1716.
Package color Info: Redefining color LightLightGray on input line 1817.
Package color Info: Redefining color LightLightLightGray on input line 1919.
)
(/usr/share/texlive/texmf-dist/tex/latex/l3backend/l3backend-pdfmode.def
File: l3backend-pdfmode.def 2020-02-03 L3 backend support: PDF mode
\l__kernel_color_stack_int=\count192
\l__pdf_internal_box=\box45
)
(./stamsii_modified.g.fasta.colour.aux)
\openout1 = `stamsii_modified.g.fasta.colour.aux'.

LaTeX Font Info:    Checking defaults for OML/cmm/m/it on input line 25.
LaTeX Font Info:    ... okay on input line 25.
LaTeX Font Info:    Checking defaults for OMS/cmsy/m/n on input line 25.
LaTeX Font Info:    ... okay on input line 25.
LaTeX Font Info:    Checking defaults for OT1/cmr/m/n on input line 25.
LaTeX Font Info:    ... okay on input line 25.
LaTeX Font Info:    Checking defaults for T1/cmr/m/n on input line 25.
LaTeX Font Info:    ... okay on input line 25.
LaTeX Font Info:    Checking defaults for TS1/cmr/m/n on input line 25.
LaTeX Font Info:    ... okay on input line 25.
LaTeX Font Info:    Checking defaults for OMX/cmex/m/n on input line 25.
LaTeX Font Info:    ... okay on input line 25.
LaTeX Font Info:    Checking defaults for U/cmr/m/n on input line 25.
LaTeX Font Info:    ... okay on input line 25.
LaTeX Font Info:    Trying to load font information for OT1+ptm on input line 2
5.

(/usr/share/texlive/texmf-dist/tex/latex/psnfss/ot1ptm.fd
File: ot1ptm.fd 2001/06/04 font definitions for OT1/ptm.
)
(/usr/share/texlive/texmf-dist/tex/context/base/mkii/supp-pdf.mkii
[Loading MPS to PDF converter (version 2006.09.02).]
\scratchcounter=\count193
\scratchdimen=\dimen135
\scratchbox=\box46
\nofMPsegments=\count194
\nofMParguments=\count195
\everyMPshowfont=\toks15
\MPscratchCnt=\count196
\MPscratchDim=\dimen136
\MPnumerator=\count197
\makeMPintoPDFobject=\count198
\everyMPtoPDFconversion=\toks16
) (/usr/share/texlive/texmf-dist/tex/latex/epstopdf-pkg/epstopdf-base.sty
Package: epstopdf-base 2020-01-24 v2.11 Base part for package epstopdf
Package epstopdf-base Info: Redefining graphics rule for `.eps' on input line 4
85.

(/usr/share/texlive/texmf-dist/tex/latex/latexconfig/epstopdf-sys.cfg
File: epstopdf-sys.cfg 2010/07/13 v1.3 Configuration of (r)epstopdf for TeX Liv
e
))
(/tmp/RtmpM6Y7zs/seqaeba5bfbbac2.fasta:
LaTeX Font Info:    Trying to load font information for OT1+pcr on input line 4
1.

(/usr/share/texlive/texmf-dist/tex/latex/psnfss/ot1pcr.fd
File: ot1pcr.fd 2001/06/04 font definitions for OT1/pcr.
) . )
LaTeX Font Info:    Trying to load font information for U+msa on input line 41.


(/usr/share/texlive/texmf-dist/tex/latex/amsfonts/umsa.fd
File: umsa.fd 2013/01/14 v3.01 AMS symbols A
)
LaTeX Font Info:    Trying to load font information for U+msb on input line 41.


(/usr/share/texlive/texmf-dist/tex/latex/amsfonts/umsb.fd
File: umsb.fd 2013/01/14 v3.01 AMS symbols B
) [1
Non-PDF special ignored!
<special> papersize=2312.64pt,722.7pt

{/var/lib/texmf/fonts/map/pdftex/updmap/pdftex.map}]
(./stamsii_modified.g.fasta.colour.aux) ) 
Here is how much of TeX's memory you used:
 7132 strings out of 483183
 82323 string characters out of 5966292
 441046 words of memory out of 5000000
 22153 multiletter control sequences out of 15000+600000
 535580 words of font info for 37 fonts, out of 8000000 for 9000
 14 hyphenation exceptions out of 8191
 94i,5n,57p,208b,1695s stack positions out of 5000i,500n,10000p,200000b,80000s
{/usr/share/texlive/texmf-dist/fonts/e
nc/dvips/base/8r.enc}</usr/share/texlive/texmf-dist/fonts/type1/public/amsfonts
/cm/cmr10.pfb></usr/share/texlive/texmf-dist/fonts/type1/public/amsfonts/cm/cms
y10.pfb></usr/share/texlive/texmf-dist/fonts/type1/urw/courier/ucrr8a.pfb>
Output written on stamsii_modified.g.fasta.colour.pdf (1 page, 35084 bytes).
PDF statistics:
 21 PDF objects out of 1000 (max. 8388607)
 14 compressed objects within 1 object stream
 0 named destinations out of 1000 (max. 500000)
 1 words of extra memory for PDF output out of 10000 (max. 10000000)

