# /users/asebe/xgraubove/histonome-ops/data/sequences/seq_Bacteria.fasta: YEATS | HMM search
# /users/asebe/xgraubove/histonome-ops/data/sequences/seq_Bacteria.fasta: YEATS | # genes found = 69
# /users/asebe/xgraubove/histonome-ops/data/sequences/seq_Bacteria.fasta: YEATS | # unique domains = 71
Creating SSI index for /users/asebe/xgraubove/histonome-ops/results-phylogenies/searches_Nov20//bac.YEATS.seqs.fasta...    done.
Indexed 69 sequences (69 names).
SSI index written to file /users/asebe/xgraubove/histonome-ops/results-phylogenies/searches_Nov20//bac.YEATS.seqs.fasta.ssi
# END
# /users/asebe/xgraubove/histonome-ops/data/sequences/seq_Bacteria.fasta: Nucleoplasmin | HMM search
# /users/asebe/xgraubove/histonome-ops/data/sequences/seq_Bacteria.fasta: Nucleoplasmin | # genes found = 2
# /users/asebe/xgraubove/histonome-ops/data/sequences/seq_Bacteria.fasta: Nucleoplasmin | # unique domains = 2
Creating SSI index for /users/asebe/xgraubove/histonome-ops/results-phylogenies/searches_Nov20//bac.Nucleoplasmin.seqs.fasta...    done.
Indexed 2 sequences (2 names).
SSI index written to file /users/asebe/xgraubove/histonome-ops/results-phylogenies/searches_Nov20//bac.Nucleoplasmin.seqs.fasta.ssi
# END
# /users/asebe/xgraubove/histonome-ops/data/sequences/seq_Bacteria.fasta: Nucleoplasmin | HMM search
# /users/asebe/xgraubove/histonome-ops/data/sequences/seq_Bacteria.fasta: Nucleoplasmin | HMM search
# /users/asebe/xgraubove/histonome-ops/data/sequences/seq_Bacteria.fasta: Nucleoplasmin | # genes found = 3
# /users/asebe/xgraubove/histonome-ops/data/sequences/seq_Bacteria.fasta: Nucleoplasmin | # unique domains = 3
Creating SSI index for /users/asebe/xgraubove/histonome-ops/results-phylogenies/searches_Nov20//bac.Nucleoplasmin.seqs.fasta...    done.
Indexed 3 sequences (3 names).
SSI index written to file /users/asebe/xgraubove/histonome-ops/results-phylogenies/searches_Nov20//bac.Nucleoplasmin.seqs.fasta.ssi
# END
