# /users/asebe/xgraubove/histonome-ops/data/sequences/seq_Archaea.fasta: histplus | HMM search
# /users/asebe/xgraubove/histonome-ops/data/sequences/seq_Archaea.fasta: histplus | # genes found = 5673
# /users/asebe/xgraubove/histonome-ops/data/sequences/seq_Archaea.fasta: histplus | # unique domains = 6322
Creating SSI index for /users/asebe/xgraubove/histonome-ops/results-phylogenies/searches_HistRib_Abr21//arc.histplus.seqs.fasta...    done.
Indexed 5673 sequences (5673 names).
SSI index written to file /users/asebe/xgraubove/histonome-ops/results-phylogenies/searches_HistRib_Abr21//arc.histplus.seqs.fasta.ssi
# END
# /users/asebe/xgraubove/histonome-ops/data/sequences/seq_Archaea.fasta: Ribosomal_S6e | HMM search
# /users/asebe/xgraubove/histonome-ops/data/sequences/seq_Archaea.fasta: Ribosomal_S6e | # genes found = 2579
# /users/asebe/xgraubove/histonome-ops/data/sequences/seq_Archaea.fasta: Ribosomal_S6e | # unique domains = 2579
Creating SSI index for /users/asebe/xgraubove/histonome-ops/results-phylogenies/searches_HistRib_Abr21//arc.Ribosomal_S6e.seqs.fasta...    done.
Indexed 2579 sequences (2579 names).
SSI index written to file /users/asebe/xgraubove/histonome-ops/results-phylogenies/searches_HistRib_Abr21//arc.Ribosomal_S6e.seqs.fasta.ssi
# END
# /users/asebe/xgraubove/histonome-ops/data/sequences/seq_Archaea.fasta: YEATS | HMM search
# /users/asebe/xgraubove/histonome-ops/data/sequences/seq_Archaea.fasta: YEATS | # genes found = 11
# /users/asebe/xgraubove/histonome-ops/data/sequences/seq_Archaea.fasta: YEATS | # unique domains = 11
Creating SSI index for /users/asebe/xgraubove/histonome-ops/results-phylogenies/searches_Nov20//arc.YEATS.seqs.fasta...    done.
Indexed 11 sequences (11 names).
SSI index written to file /users/asebe/xgraubove/histonome-ops/results-phylogenies/searches_Nov20//arc.YEATS.seqs.fasta.ssi
# END
# /users/asebe/xgraubove/histonome-ops/data/sequences/seq_Archaea.fasta: Nucleoplasmin | HMM search
# /users/asebe/xgraubove/histonome-ops/data/sequences/seq_Archaea.fasta: Nucleoplasmin | # genes found = 0
# /users/asebe/xgraubove/histonome-ops/data/sequences/seq_Archaea.fasta: Nucleoplasmin | Omit downstream analyses
# END
# /users/asebe/xgraubove/histonome-ops/data/sequences/seq_Archaea.fasta: Nucleoplasmin | HMM search
# /users/asebe/xgraubove/histonome-ops/data/sequences/seq_Archaea.fasta: Nucleoplasmin | # genes found = 1
# /users/asebe/xgraubove/histonome-ops/data/sequences/seq_Archaea.fasta: Nucleoplasmin | # unique domains = 1
Creating SSI index for /users/asebe/xgraubove/histonome-ops/results-phylogenies/searches_Nov20//arc.Nucleoplasmin.seqs.fasta...    done.
Indexed 1 sequences (1 names).
SSI index written to file /users/asebe/xgraubove/histonome-ops/results-phylogenies/searches_Nov20//arc.Nucleoplasmin.seqs.fasta.ssi
# END
