# /users/asebe/xgraubove/histonome-ops/data/sequences/seq_Archaea.fasta: Acetyltransf_1 | HMM search
# /users/asebe/xgraubove/histonome-ops/data/sequences/seq_Archaea.fasta: Acetyltransf_1 | # genes found = 32281
# /users/asebe/xgraubove/histonome-ops/data/sequences/seq_Archaea.fasta: Acetyltransf_1 | # unique domains = 32419
Creating SSI index for /users/asebe/xgraubove/histonome-ops/results-phylogenies/searches_Nov20//arc.Acetyltransf_1.seqs.fasta...    done.
Indexed 32281 sequences (32281 names).
SSI index written to file /users/asebe/xgraubove/histonome-ops/results-phylogenies/searches_Nov20//arc.Acetyltransf_1.seqs.fasta.ssi
# END
# /users/asebe/xgraubove/histonome-ops/data/sequences/seq_Archaea.fasta: GNAT_acetyltr_2 | HMM search
# /users/asebe/xgraubove/histonome-ops/data/sequences/seq_Archaea.fasta: GNAT_acetyltr_2 | # genes found = 1400
# /users/asebe/xgraubove/histonome-ops/data/sequences/seq_Archaea.fasta: GNAT_acetyltr_2 | # unique domains = 1408
Creating SSI index for /users/asebe/xgraubove/histonome-ops/results-phylogenies/searches_Nov20//arc.GNAT_acetyltr_2.seqs.fasta...    done.
Indexed 1400 sequences (1400 names).
SSI index written to file /users/asebe/xgraubove/histonome-ops/results-phylogenies/searches_Nov20//arc.GNAT_acetyltr_2.seqs.fasta.ssi
# END
# /users/asebe/xgraubove/histonome-ops/data/sequences/seq_Archaea.fasta: Hat1_N | HMM search
# /users/asebe/xgraubove/histonome-ops/data/sequences/seq_Archaea.fasta: Hat1_N | # genes found = 1
# /users/asebe/xgraubove/histonome-ops/data/sequences/seq_Archaea.fasta: Hat1_N | # unique domains = 1
Creating SSI index for /users/asebe/xgraubove/histonome-ops/results-phylogenies/searches_Nov20//arc.Hat1_N.seqs.fasta...    done.
Indexed 1 sequences (1 names).
SSI index written to file /users/asebe/xgraubove/histonome-ops/results-phylogenies/searches_Nov20//arc.Hat1_N.seqs.fasta.ssi
# END
# /users/asebe/xgraubove/histonome-ops/data/sequences/seq_Archaea.fasta: KAT11 | HMM search
# /users/asebe/xgraubove/histonome-ops/data/sequences/seq_Archaea.fasta: KAT11 | # genes found = 2
# /users/asebe/xgraubove/histonome-ops/data/sequences/seq_Archaea.fasta: KAT11 | # unique domains = 2
Creating SSI index for /users/asebe/xgraubove/histonome-ops/results-phylogenies/searches_Nov20//arc.KAT11.seqs.fasta...    done.
Indexed 2 sequences (2 names).
SSI index written to file /users/asebe/xgraubove/histonome-ops/results-phylogenies/searches_Nov20//arc.KAT11.seqs.fasta.ssi
# END
# /users/asebe/xgraubove/histonome-ops/data/sequences/seq_Archaea.fasta: MOZ_SAS | HMM search
# /users/asebe/xgraubove/histonome-ops/data/sequences/seq_Archaea.fasta: MOZ_SAS | # genes found = 17
# /users/asebe/xgraubove/histonome-ops/data/sequences/seq_Archaea.fasta: MOZ_SAS | # unique domains = 18
Creating SSI index for /users/asebe/xgraubove/histonome-ops/results-phylogenies/searches_Nov20//arc.MOZ_SAS.seqs.fasta...    done.
Indexed 17 sequences (17 names).
SSI index written to file /users/asebe/xgraubove/histonome-ops/results-phylogenies/searches_Nov20//arc.MOZ_SAS.seqs.fasta.ssi
# END
# /users/asebe/xgraubove/histonome-ops/data/sequences/seq_Archaea.fasta: Hist_deacetyl | HMM search
# /users/asebe/xgraubove/histonome-ops/data/sequences/seq_Archaea.fasta: Hist_deacetyl | # genes found = 2833
# /users/asebe/xgraubove/histonome-ops/data/sequences/seq_Archaea.fasta: Hist_deacetyl | # unique domains = 2934
Creating SSI index for /users/asebe/xgraubove/histonome-ops/results-phylogenies/searches_Nov20//arc.Hist_deacetyl.seqs.fasta...    done.
Indexed 2833 sequences (2833 names).
SSI index written to file /users/asebe/xgraubove/histonome-ops/results-phylogenies/searches_Nov20//arc.Hist_deacetyl.seqs.fasta.ssi
# END
# /users/asebe/xgraubove/histonome-ops/data/sequences/seq_Archaea.fasta: SIR2 | HMM search
# /users/asebe/xgraubove/histonome-ops/data/sequences/seq_Archaea.fasta: SIR2 | # genes found = 1363
# /users/asebe/xgraubove/histonome-ops/data/sequences/seq_Archaea.fasta: SIR2 | # unique domains = 1446
Creating SSI index for /users/asebe/xgraubove/histonome-ops/results-phylogenies/searches_Nov20//arc.SIR2.seqs.fasta...    done.
Indexed 1363 sequences (1363 names).
SSI index written to file /users/asebe/xgraubove/histonome-ops/results-phylogenies/searches_Nov20//arc.SIR2.seqs.fasta.ssi
# END
# /users/asebe/xgraubove/histonome-ops/data/sequences/seq_Archaea.fasta: DOT1 | HMM search
# /users/asebe/xgraubove/histonome-ops/data/sequences/seq_Archaea.fasta: DOT1 | # genes found = 763
# /users/asebe/xgraubove/histonome-ops/data/sequences/seq_Archaea.fasta: DOT1 | # unique domains = 763
Creating SSI index for /users/asebe/xgraubove/histonome-ops/results-phylogenies/searches_Nov20//arc.DOT1.seqs.fasta...    done.
Indexed 763 sequences (763 names).
SSI index written to file /users/asebe/xgraubove/histonome-ops/results-phylogenies/searches_Nov20//arc.DOT1.seqs.fasta.ssi
# END
# /users/asebe/xgraubove/histonome-ops/data/sequences/seq_Archaea.fasta: SET | HMM search
# /users/asebe/xgraubove/histonome-ops/data/sequences/seq_Archaea.fasta: SET | # genes found = 276
# /users/asebe/xgraubove/histonome-ops/data/sequences/seq_Archaea.fasta: SET | # unique domains = 276
Creating SSI index for /users/asebe/xgraubove/histonome-ops/results-phylogenies/searches_Nov20//arc.SET.seqs.fasta...    done.
Indexed 276 sequences (276 names).
SSI index written to file /users/asebe/xgraubove/histonome-ops/results-phylogenies/searches_Nov20//arc.SET.seqs.fasta.ssi
# END
# /users/asebe/xgraubove/histonome-ops/data/sequences/seq_Archaea.fasta: SWIRM | HMM search
# /users/asebe/xgraubove/histonome-ops/data/sequences/seq_Archaea.fasta: SWIRM | # genes found = 0
# /users/asebe/xgraubove/histonome-ops/data/sequences/seq_Archaea.fasta: SWIRM | Omit downstream analyses
# END
# /users/asebe/xgraubove/histonome-ops/data/sequences/seq_Archaea.fasta: CupinJmjC | HMM search
# /users/asebe/xgraubove/histonome-ops/data/sequences/seq_Archaea.fasta: CupinJmjC | # genes found = 49
# /users/asebe/xgraubove/histonome-ops/data/sequences/seq_Archaea.fasta: CupinJmjC | # unique domains = 50
Creating SSI index for /users/asebe/xgraubove/histonome-ops/results-phylogenies/searches_Nov20//arc.CupinJmjC.seqs.fasta...    done.
Indexed 49 sequences (49 names).
SSI index written to file /users/asebe/xgraubove/histonome-ops/results-phylogenies/searches_Nov20//arc.CupinJmjC.seqs.fasta.ssi
# END
# /users/asebe/xgraubove/histonome-ops/data/sequences/seq_Archaea.fasta: HIF-1 | HMM search
# /users/asebe/xgraubove/histonome-ops/data/sequences/seq_Archaea.fasta: HIF-1 | # genes found = 0
# /users/asebe/xgraubove/histonome-ops/data/sequences/seq_Archaea.fasta: HIF-1 | Omit downstream analyses
# END
# /users/asebe/xgraubove/histonome-ops/data/sequences/seq_Archaea.fasta: Histone | HMM search
# /users/asebe/xgraubove/histonome-ops/data/sequences/seq_Archaea.fasta: Histone | # genes found = 3094
# /users/asebe/xgraubove/histonome-ops/data/sequences/seq_Archaea.fasta: Histone | # unique domains = 3743
Creating SSI index for /users/asebe/xgraubove/histonome-ops/results-phylogenies/searches_Nov20//arc.Histone.seqs.fasta...    done.
Indexed 3094 sequences (3094 names).
SSI index written to file /users/asebe/xgraubove/histonome-ops/results-phylogenies/searches_Nov20//arc.Histone.seqs.fasta.ssi
# END
# /users/asebe/xgraubove/histonome-ops/data/sequences/seq_Archaea.fasta: LinkerHistone | HMM search
# /users/asebe/xgraubove/histonome-ops/data/sequences/seq_Archaea.fasta: LinkerHistone | # genes found = 2
# /users/asebe/xgraubove/histonome-ops/data/sequences/seq_Archaea.fasta: LinkerHistone | # unique domains = 2
Creating SSI index for /users/asebe/xgraubove/histonome-ops/results-phylogenies/searches_Nov20//arc.LinkerHistone.seqs.fasta...    done.
Indexed 2 sequences (2 names).
SSI index written to file /users/asebe/xgraubove/histonome-ops/results-phylogenies/searches_Nov20//arc.LinkerHistone.seqs.fasta.ssi
# END
# /users/asebe/xgraubove/histonome-ops/data/sequences/seq_Archaea.fasta: ASF1_hist_chap | HMM search
# /users/asebe/xgraubove/histonome-ops/data/sequences/seq_Archaea.fasta: ASF1_hist_chap | # genes found = 5
# /users/asebe/xgraubove/histonome-ops/data/sequences/seq_Archaea.fasta: ASF1_hist_chap | # unique domains = 5
Creating SSI index for /users/asebe/xgraubove/histonome-ops/results-phylogenies/searches_Nov20//arc.ASF1_hist_chap.seqs.fasta...    done.
Indexed 5 sequences (5 names).
SSI index written to file /users/asebe/xgraubove/histonome-ops/results-phylogenies/searches_Nov20//arc.ASF1_hist_chap.seqs.fasta.ssi
# END
# /users/asebe/xgraubove/histonome-ops/data/sequences/seq_Archaea.fasta: CAF1A | HMM search
# /users/asebe/xgraubove/histonome-ops/data/sequences/seq_Archaea.fasta: CAF1A | # genes found = 0
# /users/asebe/xgraubove/histonome-ops/data/sequences/seq_Archaea.fasta: CAF1A | Omit downstream analyses
# END
# /users/asebe/xgraubove/histonome-ops/data/sequences/seq_Archaea.fasta: CHZ | HMM search
# /users/asebe/xgraubove/histonome-ops/data/sequences/seq_Archaea.fasta: CHZ | # genes found = 0
# /users/asebe/xgraubove/histonome-ops/data/sequences/seq_Archaea.fasta: CHZ | Omit downstream analyses
# END
# /users/asebe/xgraubove/histonome-ops/data/sequences/seq_Archaea.fasta: Daxx | HMM search
# /users/asebe/xgraubove/histonome-ops/data/sequences/seq_Archaea.fasta: Daxx | # genes found = 0
# /users/asebe/xgraubove/histonome-ops/data/sequences/seq_Archaea.fasta: Daxx | Omit downstream analyses
# END
# /users/asebe/xgraubove/histonome-ops/data/sequences/seq_Archaea.fasta: Hira | HMM search
# /users/asebe/xgraubove/histonome-ops/data/sequences/seq_Archaea.fasta: Hira | # genes found = 0
# /users/asebe/xgraubove/histonome-ops/data/sequences/seq_Archaea.fasta: Hira | Omit downstream analyses
# END
# /users/asebe/xgraubove/histonome-ops/data/sequences/seq_Archaea.fasta: HJURP_mid | HMM search
# /users/asebe/xgraubove/histonome-ops/data/sequences/seq_Archaea.fasta: HJURP_mid | # genes found = 0
# /users/asebe/xgraubove/histonome-ops/data/sequences/seq_Archaea.fasta: HJURP_mid | Omit downstream analyses
# END
# /users/asebe/xgraubove/histonome-ops/data/sequences/seq_Archaea.fasta: NAP | HMM search
# /users/asebe/xgraubove/histonome-ops/data/sequences/seq_Archaea.fasta: NAP | # genes found = 4
# /users/asebe/xgraubove/histonome-ops/data/sequences/seq_Archaea.fasta: NAP | # unique domains = 5
Creating SSI index for /users/asebe/xgraubove/histonome-ops/results-phylogenies/searches_Nov20//arc.NAP.seqs.fasta...    done.
Indexed 4 sequences (4 names).
SSI index written to file /users/asebe/xgraubove/histonome-ops/results-phylogenies/searches_Nov20//arc.NAP.seqs.fasta.ssi
# END
# /users/asebe/xgraubove/histonome-ops/data/sequences/seq_Archaea.fasta: Rtt106 | HMM search
# /users/asebe/xgraubove/histonome-ops/data/sequences/seq_Archaea.fasta: Rtt106 | # genes found = 4
# /users/asebe/xgraubove/histonome-ops/data/sequences/seq_Archaea.fasta: Rtt106 | # unique domains = 4
Creating SSI index for /users/asebe/xgraubove/histonome-ops/results-phylogenies/searches_Nov20//arc.Rtt106.seqs.fasta...    done.
Indexed 4 sequences (4 names).
SSI index written to file /users/asebe/xgraubove/histonome-ops/results-phylogenies/searches_Nov20//arc.Rtt106.seqs.fasta.ssi
# END
# /users/asebe/xgraubove/histonome-ops/data/sequences/seq_Archaea.fasta: SPT16 | HMM search
# /users/asebe/xgraubove/histonome-ops/data/sequences/seq_Archaea.fasta: SPT16 | # genes found = 0
# /users/asebe/xgraubove/histonome-ops/data/sequences/seq_Archaea.fasta: SPT16 | Omit downstream analyses
# END
# /users/asebe/xgraubove/histonome-ops/data/sequences/seq_Archaea.fasta: SSrecog | HMM search
# /users/asebe/xgraubove/histonome-ops/data/sequences/seq_Archaea.fasta: SSrecog | # genes found = 2
# /users/asebe/xgraubove/histonome-ops/data/sequences/seq_Archaea.fasta: SSrecog | # unique domains = 2
Creating SSI index for /users/asebe/xgraubove/histonome-ops/results-phylogenies/searches_Nov20//arc.SSrecog.seqs.fasta...    done.
Indexed 2 sequences (2 names).
SSI index written to file /users/asebe/xgraubove/histonome-ops/results-phylogenies/searches_Nov20//arc.SSrecog.seqs.fasta.ssi
# END
# /users/asebe/xgraubove/histonome-ops/data/sequences/seq_Archaea.fasta: zf-CCHH | HMM search
# /users/asebe/xgraubove/histonome-ops/data/sequences/seq_Archaea.fasta: zf-CCHH | # genes found = 0
# /users/asebe/xgraubove/histonome-ops/data/sequences/seq_Archaea.fasta: zf-CCHH | Omit downstream analyses
# END
# /users/asebe/xgraubove/histonome-ops/data/sequences/seq_Archaea.fasta: ADD_ATRX | HMM search
# /users/asebe/xgraubove/histonome-ops/data/sequences/seq_Archaea.fasta: ADD_ATRX | # genes found = 0
# /users/asebe/xgraubove/histonome-ops/data/sequences/seq_Archaea.fasta: ADD_ATRX | Omit downstream analyses
# END
# /users/asebe/xgraubove/histonome-ops/data/sequences/seq_Archaea.fasta: ADD_DNMT3 | HMM search
# /users/asebe/xgraubove/histonome-ops/data/sequences/seq_Archaea.fasta: ADD_DNMT3 | # genes found = 0
# /users/asebe/xgraubove/histonome-ops/data/sequences/seq_Archaea.fasta: ADD_DNMT3 | Omit downstream analyses
# END
# /users/asebe/xgraubove/histonome-ops/data/sequences/seq_Archaea.fasta: BAH | HMM search
# /users/asebe/xgraubove/histonome-ops/data/sequences/seq_Archaea.fasta: BAH | # genes found = 1
# /users/asebe/xgraubove/histonome-ops/data/sequences/seq_Archaea.fasta: BAH | # unique domains = 1
Creating SSI index for /users/asebe/xgraubove/histonome-ops/results-phylogenies/searches_Nov20//arc.BAH.seqs.fasta...    done.
Indexed 1 sequences (1 names).
SSI index written to file /users/asebe/xgraubove/histonome-ops/results-phylogenies/searches_Nov20//arc.BAH.seqs.fasta.ssi
# END
# /users/asebe/xgraubove/histonome-ops/data/sequences/seq_Archaea.fasta: BIR | HMM search
# /users/asebe/xgraubove/histonome-ops/data/sequences/seq_Archaea.fasta: BIR | # genes found = 1
# /users/asebe/xgraubove/histonome-ops/data/sequences/seq_Archaea.fasta: BIR | # unique domains = 1
Creating SSI index for /users/asebe/xgraubove/histonome-ops/results-phylogenies/searches_Nov20//arc.BIR.seqs.fasta...    done.
Indexed 1 sequences (1 names).
SSI index written to file /users/asebe/xgraubove/histonome-ops/results-phylogenies/searches_Nov20//arc.BIR.seqs.fasta.ssi
# END
# /users/asebe/xgraubove/histonome-ops/data/sequences/seq_Archaea.fasta: Bromodomain | HMM search
# /users/asebe/xgraubove/histonome-ops/data/sequences/seq_Archaea.fasta: Bromodomain | # genes found = 23
# /users/asebe/xgraubove/histonome-ops/data/sequences/seq_Archaea.fasta: Bromodomain | # unique domains = 23
Creating SSI index for /users/asebe/xgraubove/histonome-ops/results-phylogenies/searches_Nov20//arc.Bromodomain.seqs.fasta...    done.
Indexed 23 sequences (23 names).
SSI index written to file /users/asebe/xgraubove/histonome-ops/results-phylogenies/searches_Nov20//arc.Bromodomain.seqs.fasta.ssi
# END
# /users/asebe/xgraubove/histonome-ops/data/sequences/seq_Archaea.fasta: Chromo | HMM search
# /users/asebe/xgraubove/histonome-ops/data/sequences/seq_Archaea.fasta: Chromo | # genes found = 6
# /users/asebe/xgraubove/histonome-ops/data/sequences/seq_Archaea.fasta: Chromo | # unique domains = 7
Creating SSI index for /users/asebe/xgraubove/histonome-ops/results-phylogenies/searches_Nov20//arc.Chromo.seqs.fasta...    done.
Indexed 6 sequences (6 names).
SSI index written to file /users/asebe/xgraubove/histonome-ops/results-phylogenies/searches_Nov20//arc.Chromo.seqs.fasta.ssi
# END
# /users/asebe/xgraubove/histonome-ops/data/sequences/seq_Archaea.fasta: ING | HMM search
# /users/asebe/xgraubove/histonome-ops/data/sequences/seq_Archaea.fasta: ING | # genes found = 4
# /users/asebe/xgraubove/histonome-ops/data/sequences/seq_Archaea.fasta: ING | # unique domains = 4
Creating SSI index for /users/asebe/xgraubove/histonome-ops/results-phylogenies/searches_Nov20//arc.ING.seqs.fasta...    done.
Indexed 4 sequences (4 names).
SSI index written to file /users/asebe/xgraubove/histonome-ops/results-phylogenies/searches_Nov20//arc.ING.seqs.fasta.ssi
# END
# /users/asebe/xgraubove/histonome-ops/data/sequences/seq_Archaea.fasta: MBT | HMM search
# /users/asebe/xgraubove/histonome-ops/data/sequences/seq_Archaea.fasta: MBT | # genes found = 1
# /users/asebe/xgraubove/histonome-ops/data/sequences/seq_Archaea.fasta: MBT | # unique domains = 1
Creating SSI index for /users/asebe/xgraubove/histonome-ops/results-phylogenies/searches_Nov20//arc.MBT.seqs.fasta...    done.
Indexed 1 sequences (1 names).
SSI index written to file /users/asebe/xgraubove/histonome-ops/results-phylogenies/searches_Nov20//arc.MBT.seqs.fasta.ssi
# END
# /users/asebe/xgraubove/histonome-ops/data/sequences/seq_Archaea.fasta: MRG | HMM search
# /users/asebe/xgraubove/histonome-ops/data/sequences/seq_Archaea.fasta: MRG | # genes found = 2
# /users/asebe/xgraubove/histonome-ops/data/sequences/seq_Archaea.fasta: MRG | # unique domains = 2
Creating SSI index for /users/asebe/xgraubove/histonome-ops/results-phylogenies/searches_Nov20//arc.MRG.seqs.fasta...    done.
Indexed 2 sequences (2 names).
SSI index written to file /users/asebe/xgraubove/histonome-ops/results-phylogenies/searches_Nov20//arc.MRG.seqs.fasta.ssi
# END
# /users/asebe/xgraubove/histonome-ops/data/sequences/seq_Archaea.fasta: PHD | HMM search
# /users/asebe/xgraubove/histonome-ops/data/sequences/seq_Archaea.fasta: PHD | # genes found = 21
# /users/asebe/xgraubove/histonome-ops/data/sequences/seq_Archaea.fasta: PHD | # unique domains = 21
Creating SSI index for /users/asebe/xgraubove/histonome-ops/results-phylogenies/searches_Nov20//arc.PHD.seqs.fasta...    done.
Indexed 21 sequences (21 names).
SSI index written to file /users/asebe/xgraubove/histonome-ops/results-phylogenies/searches_Nov20//arc.PHD.seqs.fasta.ssi
# END
# /users/asebe/xgraubove/histonome-ops/data/sequences/seq_Archaea.fasta: PWWP | HMM search
# /users/asebe/xgraubove/histonome-ops/data/sequences/seq_Archaea.fasta: PWWP | # genes found = 3
# /users/asebe/xgraubove/histonome-ops/data/sequences/seq_Archaea.fasta: PWWP | # unique domains = 3
Creating SSI index for /users/asebe/xgraubove/histonome-ops/results-phylogenies/searches_Nov20//arc.PWWP.seqs.fasta...    done.
Indexed 3 sequences (3 names).
SSI index written to file /users/asebe/xgraubove/histonome-ops/results-phylogenies/searches_Nov20//arc.PWWP.seqs.fasta.ssi
# END
# /users/asebe/xgraubove/histonome-ops/data/sequences/seq_Archaea.fasta: SAWADEE | HMM search
# /users/asebe/xgraubove/histonome-ops/data/sequences/seq_Archaea.fasta: SAWADEE | # genes found = 0
# /users/asebe/xgraubove/histonome-ops/data/sequences/seq_Archaea.fasta: SAWADEE | Omit downstream analyses
# END
# /users/asebe/xgraubove/histonome-ops/data/sequences/seq_Archaea.fasta: TTD | HMM search
# /users/asebe/xgraubove/histonome-ops/data/sequences/seq_Archaea.fasta: TTD | # genes found = 0
# /users/asebe/xgraubove/histonome-ops/data/sequences/seq_Archaea.fasta: TTD | Omit downstream analyses
# END
# /users/asebe/xgraubove/histonome-ops/data/sequences/seq_Archaea.fasta: TUDOR | HMM search
# /users/asebe/xgraubove/histonome-ops/data/sequences/seq_Archaea.fasta: TUDOR | # genes found = 1
# /users/asebe/xgraubove/histonome-ops/data/sequences/seq_Archaea.fasta: TUDOR | # unique domains = 1
Creating SSI index for /users/asebe/xgraubove/histonome-ops/results-phylogenies/searches_Nov20//arc.TUDOR.seqs.fasta...    done.
Indexed 1 sequences (1 names).
SSI index written to file /users/asebe/xgraubove/histonome-ops/results-phylogenies/searches_Nov20//arc.TUDOR.seqs.fasta.ssi
# END
# /users/asebe/xgraubove/histonome-ops/data/sequences/seq_Archaea.fasta: zf-CW | HMM search
# /users/asebe/xgraubove/histonome-ops/data/sequences/seq_Archaea.fasta: zf-CW | # genes found = 2
# /users/asebe/xgraubove/histonome-ops/data/sequences/seq_Archaea.fasta: zf-CW | # unique domains = 3
Creating SSI index for /users/asebe/xgraubove/histonome-ops/results-phylogenies/searches_Nov20//arc.zf-CW.seqs.fasta...    done.
Indexed 2 sequences (2 names).
SSI index written to file /users/asebe/xgraubove/histonome-ops/results-phylogenies/searches_Nov20//arc.zf-CW.seqs.fasta.ssi
# END
# /users/asebe/xgraubove/histonome-ops/data/sequences/seq_Archaea.fasta: ATF7IP | HMM search
# /users/asebe/xgraubove/histonome-ops/data/sequences/seq_Archaea.fasta: ATF7IP | # genes found = 0
# /users/asebe/xgraubove/histonome-ops/data/sequences/seq_Archaea.fasta: ATF7IP | Omit downstream analyses
# END
# /users/asebe/xgraubove/histonome-ops/data/sequences/seq_Archaea.fasta: PA1 | HMM search
# /users/asebe/xgraubove/histonome-ops/data/sequences/seq_Archaea.fasta: PA1 | # genes found = 0
# /users/asebe/xgraubove/histonome-ops/data/sequences/seq_Archaea.fasta: PA1 | Omit downstream analyses
# END
# /users/asebe/xgraubove/histonome-ops/data/sequences/seq_Archaea.fasta: Dpy-30 | HMM search
# /users/asebe/xgraubove/histonome-ops/data/sequences/seq_Archaea.fasta: Dpy-30 | # genes found = 4
# /users/asebe/xgraubove/histonome-ops/data/sequences/seq_Archaea.fasta: Dpy-30 | # unique domains = 4
Creating SSI index for /users/asebe/xgraubove/histonome-ops/results-phylogenies/searches_Nov20//arc.Dpy-30.seqs.fasta...    done.
Indexed 4 sequences (4 names).
SSI index written to file /users/asebe/xgraubove/histonome-ops/results-phylogenies/searches_Nov20//arc.Dpy-30.seqs.fasta.ssi
# END
# /users/asebe/xgraubove/histonome-ops/data/sequences/seq_Archaea.fasta: Menin | HMM search
# /users/asebe/xgraubove/histonome-ops/data/sequences/seq_Archaea.fasta: Menin | # genes found = 0
# /users/asebe/xgraubove/histonome-ops/data/sequences/seq_Archaea.fasta: Menin | Omit downstream analyses
# END
# /users/asebe/xgraubove/histonome-ops/data/sequences/seq_Archaea.fasta: NCOA6 | HMM search
# /users/asebe/xgraubove/histonome-ops/data/sequences/seq_Archaea.fasta: NCOA6 | # genes found = 0
# /users/asebe/xgraubove/histonome-ops/data/sequences/seq_Archaea.fasta: NCOA6 | Omit downstream analyses
# END
# /users/asebe/xgraubove/histonome-ops/data/sequences/seq_Archaea.fasta: PTIP | HMM search
# /users/asebe/xgraubove/histonome-ops/data/sequences/seq_Archaea.fasta: PTIP | # genes found = 950
# /users/asebe/xgraubove/histonome-ops/data/sequences/seq_Archaea.fasta: PTIP | # unique domains = 950
Creating SSI index for /users/asebe/xgraubove/histonome-ops/results-phylogenies/searches_Nov20//arc.PTIP.seqs.fasta...    done.
Indexed 950 sequences (950 names).
SSI index written to file /users/asebe/xgraubove/histonome-ops/results-phylogenies/searches_Nov20//arc.PTIP.seqs.fasta.ssi
# END
# /users/asebe/xgraubove/histonome-ops/data/sequences/seq_Archaea.fasta: TRRAP | HMM search
# /users/asebe/xgraubove/histonome-ops/data/sequences/seq_Archaea.fasta: TRRAP | # genes found = 11
# /users/asebe/xgraubove/histonome-ops/data/sequences/seq_Archaea.fasta: TRRAP | # unique domains = 12
Creating SSI index for /users/asebe/xgraubove/histonome-ops/results-phylogenies/searches_Nov20//arc.TRRAP.seqs.fasta...    done.
Indexed 11 sequences (11 names).
SSI index written to file /users/asebe/xgraubove/histonome-ops/results-phylogenies/searches_Nov20//arc.TRRAP.seqs.fasta.ssi
# END
# /users/asebe/xgraubove/histonome-ops/data/sequences/seq_Archaea.fasta: AF9 | HMM search
# /users/asebe/xgraubove/histonome-ops/data/sequences/seq_Archaea.fasta: AF9 | # genes found = 1
# /users/asebe/xgraubove/histonome-ops/data/sequences/seq_Archaea.fasta: AF9 | # unique domains = 1
Creating SSI index for /users/asebe/xgraubove/histonome-ops/results-phylogenies/searches_Nov20//arc.AF9.seqs.fasta...    done.
Indexed 1 sequences (1 names).
SSI index written to file /users/asebe/xgraubove/histonome-ops/results-phylogenies/searches_Nov20//arc.AF9.seqs.fasta.ssi
# END
# /users/asebe/xgraubove/histonome-ops/data/sequences/seq_Archaea.fasta: RAWUL | HMM search
# /users/asebe/xgraubove/histonome-ops/data/sequences/seq_Archaea.fasta: RAWUL | # genes found = 0
# /users/asebe/xgraubove/histonome-ops/data/sequences/seq_Archaea.fasta: RAWUL | Omit downstream analyses
# END
# /users/asebe/xgraubove/histonome-ops/data/sequences/seq_Archaea.fasta: YAF2_RYBP | HMM search
# /users/asebe/xgraubove/histonome-ops/data/sequences/seq_Archaea.fasta: YAF2_RYBP | # genes found = 0
# /users/asebe/xgraubove/histonome-ops/data/sequences/seq_Archaea.fasta: YAF2_RYBP | Omit downstream analyses
# END
# /users/asebe/xgraubove/histonome-ops/data/sequences/seq_Archaea.fasta: SAM | HMM search
# /users/asebe/xgraubove/histonome-ops/data/sequences/seq_Archaea.fasta: SAM | # genes found = 7
# /users/asebe/xgraubove/histonome-ops/data/sequences/seq_Archaea.fasta: SAM | # unique domains = 7
Creating SSI index for /users/asebe/xgraubove/histonome-ops/results-phylogenies/searches_Nov20//arc.SAM.seqs.fasta...    done.
Indexed 7 sequences (7 names).
SSI index written to file /users/asebe/xgraubove/histonome-ops/results-phylogenies/searches_Nov20//arc.SAM.seqs.fasta.ssi
# END
# /users/asebe/xgraubove/histonome-ops/data/sequences/seq_Archaea.fasta: SLED | HMM search
# /users/asebe/xgraubove/histonome-ops/data/sequences/seq_Archaea.fasta: SLED | # genes found = 0
# /users/asebe/xgraubove/histonome-ops/data/sequences/seq_Archaea.fasta: SLED | Omit downstream analyses
# END
# /users/asebe/xgraubove/histonome-ops/data/sequences/seq_Archaea.fasta: Suz12 | HMM search
# /users/asebe/xgraubove/histonome-ops/data/sequences/seq_Archaea.fasta: Suz12 | # genes found = 0
# /users/asebe/xgraubove/histonome-ops/data/sequences/seq_Archaea.fasta: Suz12 | Omit downstream analyses
# END
# /users/asebe/xgraubove/histonome-ops/data/sequences/seq_Archaea.fasta: CAF1C | HMM search
# /users/asebe/xgraubove/histonome-ops/data/sequences/seq_Archaea.fasta: CAF1C | # genes found = 2
# /users/asebe/xgraubove/histonome-ops/data/sequences/seq_Archaea.fasta: CAF1C | # unique domains = 2
Creating SSI index for /users/asebe/xgraubove/histonome-ops/results-phylogenies/searches_Nov20//arc.CAF1C.seqs.fasta...    done.
Indexed 2 sequences (2 names).
SSI index written to file /users/asebe/xgraubove/histonome-ops/results-phylogenies/searches_Nov20//arc.CAF1C.seqs.fasta.ssi
# END
# /users/asebe/xgraubove/histonome-ops/data/sequences/seq_Archaea.fasta: Kelch | HMM search
# /users/asebe/xgraubove/histonome-ops/data/sequences/seq_Archaea.fasta: Kelch | # genes found = 351
# /users/asebe/xgraubove/histonome-ops/data/sequences/seq_Archaea.fasta: Kelch | # unique domains = 917
Creating SSI index for /users/asebe/xgraubove/histonome-ops/results-phylogenies/searches_Nov20//arc.Kelch.seqs.fasta...    done.
Indexed 351 sequences (351 names).
SSI index written to file /users/asebe/xgraubove/histonome-ops/results-phylogenies/searches_Nov20//arc.Kelch.seqs.fasta.ssi
# END
# /users/asebe/xgraubove/histonome-ops/data/sequences/seq_Archaea.fasta: zf-C2H2 | HMM search
# /users/asebe/xgraubove/histonome-ops/data/sequences/seq_Archaea.fasta: zf-C2H2 | # genes found = 601
# /users/asebe/xgraubove/histonome-ops/data/sequences/seq_Archaea.fasta: zf-C2H2 | # unique domains = 774
Creating SSI index for /users/asebe/xgraubove/histonome-ops/results-phylogenies/searches_Nov20//arc.zf-C2H2.seqs.fasta...    done.
Indexed 601 sequences (601 names).
SSI index written to file /users/asebe/xgraubove/histonome-ops/results-phylogenies/searches_Nov20//arc.zf-C2H2.seqs.fasta.ssi
# END
# /users/asebe/xgraubove/histonome-ops/data/sequences/seq_Archaea.fasta: zf-CXXC | HMM search
# /users/asebe/xgraubove/histonome-ops/data/sequences/seq_Archaea.fasta: zf-CXXC | # genes found = 0
# /users/asebe/xgraubove/histonome-ops/data/sequences/seq_Archaea.fasta: zf-CXXC | Omit downstream analyses
# END
# /users/asebe/xgraubove/histonome-ops/data/sequences/seq_Archaea.fasta: WD40 | HMM search
# /users/asebe/xgraubove/histonome-ops/data/sequences/seq_Archaea.fasta: WD40 | # genes found = 900
# /users/asebe/xgraubove/histonome-ops/data/sequences/seq_Archaea.fasta: WD40 | # unique domains = 2908
Creating SSI index for /users/asebe/xgraubove/histonome-ops/results-phylogenies/searches_Nov20//arc.WD40.seqs.fasta...    done.
Indexed 900 sequences (900 names).
SSI index written to file /users/asebe/xgraubove/histonome-ops/results-phylogenies/searches_Nov20//arc.WD40.seqs.fasta.ssi
# END
# /users/asebe/xgraubove/histonome-ops/data/sequences/seq_Archaea.fasta: SNF2_N | HMM search
# /users/asebe/xgraubove/histonome-ops/data/sequences/seq_Archaea.fasta: SNF2_N | # genes found = 2677
# /users/asebe/xgraubove/histonome-ops/data/sequences/seq_Archaea.fasta: SNF2_N | # unique domains = 2677
Creating SSI index for /users/asebe/xgraubove/histonome-ops/results-phylogenies/searches_Nov20//arc.SNF2_N.seqs.fasta...    done.
Indexed 2677 sequences (2677 names).
SSI index written to file /users/asebe/xgraubove/histonome-ops/results-phylogenies/searches_Nov20//arc.SNF2_N.seqs.fasta.ssi
# END
# /users/asebe/xgraubove/histonome-ops/data/sequences/seq_Archaea.fasta: UBN_AB | HMM search
# /users/asebe/xgraubove/histonome-ops/data/sequences/seq_Archaea.fasta: UBN_AB | # genes found = 0
# /users/asebe/xgraubove/histonome-ops/data/sequences/seq_Archaea.fasta: UBN_AB | Omit downstream analyses
# END
